{"/Volumes/SN350-1T 1/dev/video-script/src/mastra/agents/compose-agent.ts": {"path":"/Volumes/SN350-1T 1/dev/video-script/src/mastra/agents/compose-agent.ts","statementMap":{"0":{"start":{"line":4,"column":28},"end":{"line":63,"column":2}}},"fnMap":{},"branchMap":{},"s":{"0":2},"f":{},"b":{},"meta":{"lastBranch":0,"lastFunction":0,"lastStatement":1,"seen":{"s:4:28:63:2":0}}}
,"/Volumes/SN350-1T 1/dev/video-script/src/mastra/agents/research-agent.ts": {"path":"/Volumes/SN350-1T 1/dev/video-script/src/mastra/agents/research-agent.ts","statementMap":{"0":{"start":{"line":4,"column":29},"end":{"line":59,"column":2}}},"fnMap":{},"branchMap":{},"s":{"0":2},"f":{},"b":{},"meta":{"lastBranch":0,"lastFunction":0,"lastStatement":1,"seen":{"s:4:29:59:2":0}}}
,"/Volumes/SN350-1T 1/dev/video-script/src/mastra/agents/screenshot-agent.ts": {"path":"/Volumes/SN350-1T 1/dev/video-script/src/mastra/agents/screenshot-agent.ts","statementMap":{"0":{"start":{"line":5,"column":31},"end":{"line":52,"column":2}}},"fnMap":{},"branchMap":{},"s":{"0":2},"f":{},"b":{},"meta":{"lastBranch":0,"lastFunction":0,"lastStatement":1,"seen":{"s:5:31:52:2":0}}}
,"/Volumes/SN350-1T 1/dev/video-script/src/mastra/agents/script-agent.ts": {"path":"/Volumes/SN350-1T 1/dev/video-script/src/mastra/agents/script-agent.ts","statementMap":{"0":{"start":{"line":3,"column":27},"end":{"line":50,"column":2}}},"fnMap":{},"branchMap":{},"s":{"0":2},"f":{},"b":{},"meta":{"lastBranch":0,"lastFunction":0,"lastStatement":1,"seen":{"s:3:27:50:2":0}}}
,"/Volumes/SN350-1T 1/dev/video-script/src/mastra/tools/code-highlight.ts": {"path":"/Volumes/SN350-1T 1/dev/video-script/src/mastra/tools/code-highlight.ts","statementMap":{"0":{"start":{"line":5,"column":13},"end":{"line":59,"column":2}},"1":{"start":{"line":32,"column":4},"end":{"line":56,"column":null}},"2":{"start":{"line":34,"column":19},"end":{"line":37,"column":8}},"3":{"start":{"line":41,"column":24},"end":{"line":41,"column":null}},"4":{"start":{"line":43,"column":6},"end":{"line":46,"column":null}},"5":{"start":{"line":48,"column":6},"end":{"line":54,"column":null}},"6":{"start":{"line":49,"column":8},"end":{"line":52,"column":null}},"7":{"start":{"line":50,"column":10},"end":{"line":52,"column":null}},"8":{"start":{"line":54,"column":8},"end":{"line":54,"column":null}},"9":{"start":{"line":56,"column":6},"end":{"line":56,"column":null}}},"fnMap":{"0":{"name":"(anonymous_0)","decl":{"start":{"line":31,"column":11},"end":{"line":31,"column":18}},"loc":{"start":{"line":31,"column":61},"end":{"line":56,"column":null}},"line":31}},"branchMap":{"0":{"loc":{"start":{"line":41,"column":24},"end":{"line":41,"column":null}},"type":"cond-expr","locations":[{"start":{"line":41,"column":45},"end":{"line":41,"column":52}},{"start":{"line":41,"column":52},"end":{"line":41,"column":null}}],"line":41},"1":{"loc":{"start":{"line":48,"column":6},"end":{"line":54,"column":null}},"type":"if","locations":[{"start":{"line":48,"column":6},"end":{"line":54,"column":null}},{"start":{},"end":{}}],"line":48},"2":{"loc":{"start":{"line":49,"column":8},"end":{"line":52,"column":null}},"type":"if","locations":[{"start":{"line":49,"column":8},"end":{"line":52,"column":null}},{"start":{},"end":{}}],"line":49}},"s":{"0":3,"1":18,"2":18,"3":15,"4":18,"5":3,"6":2,"7":1,"8":1,"9":1},"f":{"0":18},"b":{"0":[2,13],"1":[2,1],"2":[1,1]},"meta":{"lastBranch":3,"lastFunction":1,"lastStatement":10,"seen":{"s:5:13:59:2":0,"f:31:11:31:18":0,"s:32:4:56:Infinity":1,"s:34:19:37:8":2,"s:41:24:41:Infinity":3,"b:41:45:41:52:41:52:41:Infinity":0,"s:43:6:46:Infinity":4,"b:48:6:54:Infinity:undefined:undefined:undefined:undefined":1,"s:48:6:54:Infinity":5,"b:49:8:52:Infinity:undefined:undefined:undefined:undefined":2,"s:49:8:52:Infinity":6,"s:50:10:52:Infinity":7,"s:54:8:54:Infinity":8,"s:56:6:56:Infinity":9}}}
,"/Volumes/SN350-1T 1/dev/video-script/src/mastra/tools/playwright-screenshot.ts": {"path":"/Volumes/SN350-1T 1/dev/video-script/src/mastra/tools/playwright-screenshot.ts","statementMap":{"0":{"start":{"line":8,"column":19},"end":{"line":8,"column":null}},"1":{"start":{"line":11,"column":2},"end":{"line":12,"column":null}},"2":{"start":{"line":12,"column":4},"end":{"line":12,"column":null}},"3":{"start":{"line":17,"column":2},"end":{"line":17,"column":null}},"4":{"start":{"line":20,"column":13},"end":{"line":100,"column":2}},"5":{"start":{"line":47,"column":4},"end":{"line":98,"column":null}},"6":{"start":{"line":49,"column":8},"end":{"line":49,"column":null}},"7":{"start":{"line":50,"column":24},"end":{"line":50,"column":47}},"8":{"start":{"line":51,"column":25},"end":{"line":51,"column":43}},"9":{"start":{"line":52,"column":14},"end":{"line":52,"column":52}},"10":{"start":{"line":54,"column":8},"end":{"line":94,"column":null}},"11":{"start":{"line":55,"column":23},"end":{"line":55,"column":58}},"12":{"start":{"line":56,"column":10},"end":{"line":56,"column":null}},"13":{"start":{"line":58,"column":10},"end":{"line":69,"column":null}},"14":{"start":{"line":59,"column":12},"end":{"line":59,"column":null}},"15":{"start":{"line":60,"column":28},"end":{"line":60,"column":50}},"16":{"start":{"line":61,"column":12},"end":{"line":66,"column":null}},"17":{"start":{"line":62,"column":14},"end":{"line":62,"column":null}},"18":{"start":{"line":64,"column":14},"end":{"line":66,"column":null}},"19":{"start":{"line":69,"column":12},"end":{"line":69,"column":null}},"20":{"start":{"line":72,"column":10},"end":{"line":76,"column":null}},"21":{"start":{"line":78,"column":10},"end":{"line":90,"column":null}},"22":{"start":{"line":79,"column":12},"end":{"line":80,"column":null}},"23":{"start":{"line":80,"column":14},"end":{"line":80,"column":null}},"24":{"start":{"line":82,"column":12},"end":{"line":85,"column":null}},"25":{"start":{"line":83,"column":14},"end":{"line":85,"column":null}},"26":{"start":{"line":87,"column":12},"end":{"line":88,"column":null}},"27":{"start":{"line":88,"column":14},"end":{"line":88,"column":null}},"28":{"start":{"line":90,"column":12},"end":{"line":90,"column":null}},"29":{"start":{"line":92,"column":10},"end":{"line":92,"column":null}},"30":{"start":{"line":94,"column":10},"end":{"line":94,"column":null}}},"fnMap":{"0":{"name":"ensureOutputDir","decl":{"start":{"line":10,"column":9},"end":{"line":10,"column":33}},"loc":{"start":{"line":10,"column":33},"end":{"line":12,"column":null}},"line":10},"1":{"name":"generateFileName","decl":{"start":{"line":16,"column":9},"end":{"line":16,"column":36}},"loc":{"start":{"line":16,"column":36},"end":{"line":17,"column":null}},"line":16},"2":{"name":"(anonymous_2)","decl":{"start":{"line":42,"column":11},"end":{"line":42,"column":18}},"loc":{"start":{"line":46,"column":8},"end":{"line":98,"column":null}},"line":46},"3":{"name":"(anonymous_3)","decl":{"start":{"line":48,"column":6},"end":{"line":48,"column":18}},"loc":{"start":{"line":48,"column":18},"end":{"line":97,"column":8}},"line":48}},"branchMap":{"0":{"loc":{"start":{"line":11,"column":2},"end":{"line":12,"column":null}},"type":"if","locations":[{"start":{"line":11,"column":2},"end":{"line":12,"column":null}},{"start":{},"end":{}}],"line":11},"1":{"loc":{"start":{"line":45,"column":4},"end":{"line":45,"column":null}},"type":"default-arg","locations":[{"start":{"line":45,"column":15},"end":{"line":45,"column":null}}],"line":45},"2":{"loc":{"start":{"line":58,"column":10},"end":{"line":69,"column":null}},"type":"if","locations":[{"start":{"line":58,"column":10},"end":{"line":69,"column":null}},{"start":{"line":68,"column":17},"end":{"line":69,"column":null}}],"line":58},"3":{"loc":{"start":{"line":61,"column":12},"end":{"line":66,"column":null}},"type":"if","locations":[{"start":{"line":61,"column":12},"end":{"line":66,"column":null}},{"start":{"line":63,"column":19},"end":{"line":66,"column":null}}],"line":61},"4":{"loc":{"start":{"line":78,"column":10},"end":{"line":90,"column":null}},"type":"if","locations":[{"start":{"line":78,"column":10},"end":{"line":90,"column":null}},{"start":{},"end":{}}],"line":78},"5":{"loc":{"start":{"line":79,"column":12},"end":{"line":80,"column":null}},"type":"if","locations":[{"start":{"line":79,"column":12},"end":{"line":80,"column":null}},{"start":{},"end":{}}],"line":79},"6":{"loc":{"start":{"line":82,"column":12},"end":{"line":85,"column":null}},"type":"if","locations":[{"start":{"line":82,"column":12},"end":{"line":85,"column":null}},{"start":{},"end":{}}],"line":82},"7":{"loc":{"start":{"line":87,"column":12},"end":{"line":88,"column":null}},"type":"if","locations":[{"start":{"line":87,"column":12},"end":{"line":88,"column":null}},{"start":{},"end":{}}],"line":87}},"s":{"0":3,"1":10,"2":0,"3":10,"4":3,"5":10,"6":10,"7":10,"8":10,"9":10,"10":10,"11":10,"12":9,"13":7,"14":2,"15":2,"16":2,"17":1,"18":1,"19":5,"20":6,"21":4,"22":4,"23":1,"24":3,"25":0,"26":3,"27":1,"28":2,"29":0,"30":10},"f":{"0":10,"1":10,"2":10,"3":10},"b":{"0":[0,10],"1":[10],"2":[2,5],"3":[1,1],"4":[4,0],"5":[1,3],"6":[0,3],"7":[1,2]},"meta":{"lastBranch":8,"lastFunction":4,"lastStatement":31,"seen":{"s:8:19:8:Infinity":0,"f:10:9:10:33":0,"b:11:2:12:Infinity:undefined:undefined:undefined:undefined":0,"s:11:2:12:Infinity":1,"s:12:4:12:Infinity":2,"f:16:9:16:36":1,"s:17:2:17:Infinity":3,"s:20:13:100:2":4,"f:42:11:42:18":2,"b:45:15:45:Infinity":1,"s:47:4:98:Infinity":5,"f:48:6:48:18":3,"s:49:8:49:Infinity":6,"s:50:24:50:47":7,"s:51:25:51:43":8,"s:52:14:52:52":9,"s:54:8:94:Infinity":10,"s:55:23:55:58":11,"s:56:10:56:Infinity":12,"b:58:10:69:Infinity:68:17:69:Infinity":2,"s:58:10:69:Infinity":13,"s:59:12:59:Infinity":14,"s:60:28:60:50":15,"b:61:12:66:Infinity:63:19:66:Infinity":3,"s:61:12:66:Infinity":16,"s:62:14:62:Infinity":17,"s:64:14:66:Infinity":18,"s:69:12:69:Infinity":19,"s:72:10:76:Infinity":20,"b:78:10:90:Infinity:undefined:undefined:undefined:undefined":4,"s:78:10:90:Infinity":21,"b:79:12:80:Infinity:undefined:undefined:undefined:undefined":5,"s:79:12:80:Infinity":22,"s:80:14:80:Infinity":23,"b:82:12:85:Infinity:undefined:undefined:undefined:undefined":6,"s:82:12:85:Infinity":24,"s:83:14:85:Infinity":25,"b:87:12:88:Infinity:undefined:undefined:undefined:undefined":7,"s:87:12:88:Infinity":26,"s:88:14:88:Infinity":27,"s:90:12:90:Infinity":28,"s:92:10:92:Infinity":29,"s:94:10:94:Infinity":30}}}
,"/Volumes/SN350-1T 1/dev/video-script/src/mastra/tools/remotion-project-generator.ts": {"path":"/Volumes/SN350-1T 1/dev/video-script/src/mastra/tools/remotion-project-generator.ts","statementMap":{"0":{"start":{"line":6,"column":20},"end":{"line":19,"column":2}},"1":{"start":{"line":21,"column":21},"end":{"line":25,"column":2}},"2":{"start":{"line":27,"column":13},"end":{"line":132,"column":2}},"3":{"start":{"line":54,"column":4},"end":{"line":129,"column":null}},"4":{"start":{"line":55,"column":21},"end":{"line":59,"column":null}},"5":{"start":{"line":61,"column":26},"end":{"line":61,"column":null}},"6":{"start":{"line":62,"column":26},"end":{"line":62,"column":59}},"7":{"start":{"line":64,"column":6},"end":{"line":64,"column":null}},"8":{"start":{"line":65,"column":6},"end":{"line":65,"column":null}},"9":{"start":{"line":66,"column":6},"end":{"line":66,"column":null}},"10":{"start":{"line":68,"column":26},"end":{"line":68,"column":56}},"11":{"start":{"line":69,"column":6},"end":{"line":69,"column":null}},"12":{"start":{"line":71,"column":33},"end":{"line":71,"column":64}},"13":{"start":{"line":72,"column":6},"end":{"line":75,"column":null}},"14":{"start":{"line":77,"column":27},"end":{"line":77,"column":46}},"15":{"start":{"line":78,"column":6},"end":{"line":78,"column":null}},"16":{"start":{"line":80,"column":33},"end":{"line":80,"column":65}},"17":{"start":{"line":81,"column":6},"end":{"line":84,"column":null}},"18":{"start":{"line":86,"column":30},"end":{"line":86,"column":48}},"19":{"start":{"line":87,"column":6},"end":{"line":90,"column":null}},"20":{"start":{"line":92,"column":36},"end":{"line":92,"column":60}},"21":{"start":{"line":93,"column":6},"end":{"line":96,"column":null}},"22":{"start":{"line":98,"column":6},"end":{"line":104,"column":null}},"23":{"start":{"line":99,"column":23},"end":{"line":99,"column":52}},"24":{"start":{"line":100,"column":8},"end":{"line":104,"column":null}},"25":{"start":{"line":101,"column":26},"end":{"line":101,"column":57}},"26":{"start":{"line":102,"column":27},"end":{"line":102,"column":66}},"27":{"start":{"line":103,"column":10},"end":{"line":104,"column":null}},"28":{"start":{"line":104,"column":12},"end":{"line":104,"column":null}},"29":{"start":{"line":109,"column":6},"end":{"line":117,"column":null}},"30":{"start":{"line":119,"column":27},"end":{"line":119,"column":null}},"31":{"start":{"line":120,"column":6},"end":{"line":129,"column":null}},"32":{"start":{"line":135,"column":17},"end":{"line":135,"column":52}},"33":{"start":{"line":136,"column":2},"end":{"line":143,"column":null}},"34":{"start":{"line":156,"column":21},"end":{"line":169,"column":16}},"35":{"start":{"line":158,"column":24},"end":{"line":160,"column":null}},"36":{"start":{"line":161,"column":6},"end":{"line":166,"column":null}},"37":{"start":{"line":171,"column":2},"end":{"line":175,"column":null}},"38":{"start":{"line":272,"column":2},"end":{"line":272,"column":null}},"39":{"start":{"line":280,"column":14},"end":{"line":297,"column":null}},"40":{"start":{"line":299,"column":2},"end":{"line":299,"column":null}},"41":{"start":{"line":303,"column":19},"end":{"line":314,"column":null}},"42":{"start":{"line":316,"column":2},"end":{"line":316,"column":null}},"43":{"start":{"line":320,"column":2},"end":{"line":320,"column":null}}},"fnMap":{"0":{"name":"(anonymous_0)","decl":{"start":{"line":53,"column":11},"end":{"line":53,"column":18}},"loc":{"start":{"line":53,"column":74},"end":{"line":129,"column":null}},"line":53},"1":{"name":"generateRootFile","decl":{"start":{"line":134,"column":9},"end":{"line":134,"column":26}},"loc":{"start":{"line":134,"column":49},"end":{"line":143,"column":null}},"line":134},"2":{"name":"generateCompositionFile","decl":{"start":{"line":155,"column":9},"end":{"line":155,"column":33}},"loc":{"start":{"line":155,"column":79},"end":{"line":175,"column":null}},"line":155},"3":{"name":"(anonymous_3)","decl":{"start":{"line":157,"column":5},"end":{"line":157,"column":10}},"loc":{"start":{"line":157,"column":20},"end":{"line":168,"column":null}},"line":157},"4":{"name":"generateIndexFile","decl":{"start":{"line":271,"column":9},"end":{"line":271,"column":37}},"loc":{"start":{"line":271,"column":37},"end":{"line":272,"column":null}},"line":271},"5":{"name":"generatePackageJson","decl":{"start":{"line":279,"column":9},"end":{"line":279,"column":29}},"loc":{"start":{"line":279,"column":58},"end":{"line":299,"column":null}},"line":279},"6":{"name":"generateTsConfig","decl":{"start":{"line":302,"column":9},"end":{"line":302,"column":36}},"loc":{"start":{"line":302,"column":36},"end":{"line":316,"column":null}},"line":302},"7":{"name":"generateRemotionConfig","decl":{"start":{"line":319,"column":9},"end":{"line":319,"column":42}},"loc":{"start":{"line":319,"column":42},"end":{"line":320,"column":null}},"line":319}},"branchMap":{"0":{"loc":{"start":{"line":56,"column":15},"end":{"line":56,"column":null}},"type":"binary-expr","locations":[{"start":{"line":56,"column":15},"end":{"line":56,"column":39}},{"start":{"line":56,"column":39},"end":{"line":56,"column":null}}],"line":56},"1":{"loc":{"start":{"line":57,"column":16},"end":{"line":57,"column":null}},"type":"binary-expr","locations":[{"start":{"line":57,"column":16},"end":{"line":57,"column":41}},{"start":{"line":57,"column":41},"end":{"line":57,"column":null}}],"line":57},"2":{"loc":{"start":{"line":58,"column":13},"end":{"line":58,"column":null}},"type":"binary-expr","locations":[{"start":{"line":58,"column":13},"end":{"line":58,"column":35}},{"start":{"line":58,"column":35},"end":{"line":58,"column":null}}],"line":58},"3":{"loc":{"start":{"line":98,"column":6},"end":{"line":104,"column":null}},"type":"if","locations":[{"start":{"line":98,"column":6},"end":{"line":104,"column":null}},{"start":{},"end":{}}],"line":98},"4":{"loc":{"start":{"line":103,"column":10},"end":{"line":104,"column":null}},"type":"if","locations":[{"start":{"line":103,"column":10},"end":{"line":104,"column":null}},{"start":{},"end":{}}],"line":103},"5":{"loc":{"start":{"line":119,"column":27},"end":{"line":119,"column":null}},"type":"cond-expr","locations":[{"start":{"line":119,"column":52},"end":{"line":119,"column":68}},{"start":{"line":119,"column":68},"end":{"line":119,"column":null}}],"line":119},"6":{"loc":{"start":{"line":158,"column":24},"end":{"line":160,"column":null}},"type":"cond-expr","locations":[{"start":{"line":159,"column":10},"end":{"line":159,"column":null}},{"start":{"line":160,"column":10},"end":{"line":160,"column":null}}],"line":158}},"s":{"0":1,"1":1,"2":1,"3":9,"4":9,"5":9,"6":9,"7":9,"8":9,"9":9,"10":9,"11":9,"12":9,"13":9,"14":9,"15":9,"16":9,"17":9,"18":9,"19":9,"20":9,"21":9,"22":9,"23":0,"24":0,"25":0,"26":0,"27":0,"28":0,"29":7,"30":2,"31":2,"32":8,"33":8,"34":7,"35":17,"36":17,"37":7,"38":7,"39":7,"40":7,"41":7,"42":7,"43":7},"f":{"0":9,"1":8,"2":7,"3":17,"4":7,"5":7,"6":7,"7":7},"b":{"0":[9,9],"1":[9,9],"2":[9,9],"3":[0,9],"4":[0,0],"5":[2,0],"6":[5,12]},"meta":{"lastBranch":7,"lastFunction":8,"lastStatement":44,"seen":{"s:6:20:19:2":0,"s:21:21:25:2":1,"s:27:13:132:2":2,"f:53:11:53:18":0,"s:54:4:129:Infinity":3,"s:55:21:59:Infinity":4,"b:56:15:56:39:56:39:56:Infinity":0,"b:57:16:57:41:57:41:57:Infinity":1,"b:58:13:58:35:58:35:58:Infinity":2,"s:61:26:61:Infinity":5,"s:62:26:62:59":6,"s:64:6:64:Infinity":7,"s:65:6:65:Infinity":8,"s:66:6:66:Infinity":9,"s:68:26:68:56":10,"s:69:6:69:Infinity":11,"s:71:33:71:64":12,"s:72:6:75:Infinity":13,"s:77:27:77:46":14,"s:78:6:78:Infinity":15,"s:80:33:80:65":16,"s:81:6:84:Infinity":17,"s:86:30:86:48":18,"s:87:6:90:Infinity":19,"s:92:36:92:60":20,"s:93:6:96:Infinity":21,"b:98:6:104:Infinity:undefined:undefined:undefined:undefined":3,"s:98:6:104:Infinity":22,"s:99:23:99:52":23,"s:100:8:104:Infinity":24,"s:101:26:101:57":25,"s:102:27:102:66":26,"b:103:10:104:Infinity:undefined:undefined:undefined:undefined":4,"s:103:10:104:Infinity":27,"s:104:12:104:Infinity":28,"s:109:6:117:Infinity":29,"s:119:27:119:Infinity":30,"b:119:52:119:68:119:68:119:Infinity":5,"s:120:6:129:Infinity":31,"f:134:9:134:26":1,"s:135:17:135:52":32,"s:136:2:143:Infinity":33,"f:155:9:155:33":2,"s:156:21:169:16":34,"f:157:5:157:10":3,"s:158:24:160:Infinity":35,"b:159:10:159:Infinity:160:10:160:Infinity":6,"s:161:6:166:Infinity":36,"s:171:2:175:Infinity":37,"f:271:9:271:37":4,"s:272:2:272:Infinity":38,"f:279:9:279:29":5,"s:280:14:297:Infinity":39,"s:299:2:299:Infinity":40,"f:302:9:302:36":6,"s:303:19:314:Infinity":41,"s:316:2:316:Infinity":42,"f:319:9:319:42":7,"s:320:2:320:Infinity":43}}}
,"/Volumes/SN350-1T 1/dev/video-script/src/mastra/tools/remotion-render.ts": {"path":"/Volumes/SN350-1T 1/dev/video-script/src/mastra/tools/remotion-render.ts","statementMap":{"0":{"start":{"line":7,"column":13},"end":{"line":125,"column":2}},"1":{"start":{"line":23,"column":4},"end":{"line":123,"column":null}},"2":{"start":{"line":24,"column":6},"end":{"line":121,"column":null}},"3":{"start":{"line":26,"column":8},"end":{"line":32,"column":null}},"4":{"start":{"line":27,"column":10},"end":{"line":32,"column":null}},"5":{"start":{"line":36,"column":26},"end":{"line":36,"column":50}},"6":{"start":{"line":37,"column":8},"end":{"line":38,"column":null}},"7":{"start":{"line":38,"column":10},"end":{"line":38,"column":null}},"8":{"start":{"line":42,"column":21},"end":{"line":51,"column":null}},"9":{"start":{"line":53,"column":8},"end":{"line":54,"column":null}},"10":{"start":{"line":54,"column":10},"end":{"line":54,"column":null}},"11":{"start":{"line":58,"column":14},"end":{"line":61,"column":10}},"12":{"start":{"line":63,"column":21},"end":{"line":63,"column":null}},"13":{"start":{"line":64,"column":21},"end":{"line":64,"column":null}},"14":{"start":{"line":66,"column":8},"end":{"line":68,"column":null}},"15":{"start":{"line":67,"column":10},"end":{"line":67,"column":null}},"16":{"start":{"line":70,"column":8},"end":{"line":72,"column":null}},"17":{"start":{"line":71,"column":10},"end":{"line":71,"column":null}},"18":{"start":{"line":74,"column":8},"end":{"line":102,"column":null}},"19":{"start":{"line":75,"column":10},"end":{"line":93,"column":null}},"20":{"start":{"line":77,"column":12},"end":{"line":85,"column":null}},"21":{"start":{"line":79,"column":39},"end":{"line":79,"column":null}},"22":{"start":{"line":81,"column":14},"end":{"line":85,"column":null}},"23":{"start":{"line":88,"column":12},"end":{"line":93,"column":null}},"24":{"start":{"line":96,"column":10},"end":{"line":101,"column":null}},"25":{"start":{"line":104,"column":8},"end":{"line":111,"column":null}},"26":{"start":{"line":105,"column":10},"end":{"line":110,"column":null}},"27":{"start":{"line":114,"column":10},"end":{"line":114,"column":null}},"28":{"start":{"line":116,"column":8},"end":{"line":121,"column":null}}},"fnMap":{"0":{"name":"(anonymous_0)","decl":{"start":{"line":22,"column":11},"end":{"line":22,"column":18}},"loc":{"start":{"line":22,"column":76},"end":{"line":123,"column":null}},"line":22},"1":{"name":"(anonymous_1)","decl":{"start":{"line":23,"column":15},"end":{"line":23,"column":24}},"loc":{"start":{"line":23,"column":36},"end":{"line":123,"column":null}},"line":23},"2":{"name":"(anonymous_2)","decl":{"start":{"line":66,"column":33},"end":{"line":66,"column":42}},"loc":{"start":{"line":66,"column":59},"end":{"line":68,"column":null}},"line":66},"3":{"name":"(anonymous_3)","decl":{"start":{"line":70,"column":33},"end":{"line":70,"column":42}},"loc":{"start":{"line":70,"column":59},"end":{"line":72,"column":null}},"line":70},"4":{"name":"(anonymous_4)","decl":{"start":{"line":74,"column":25},"end":{"line":74,"column":35}},"loc":{"start":{"line":74,"column":52},"end":{"line":102,"column":null}},"line":74},"5":{"name":"(anonymous_5)","decl":{"start":{"line":104,"column":25},"end":{"line":104,"column":35}},"loc":{"start":{"line":104,"column":52},"end":{"line":111,"column":null}},"line":104}},"branchMap":{"0":{"loc":{"start":{"line":22,"column":45},"end":{"line":22,"column":61}},"type":"default-arg","locations":[{"start":{"line":22,"column":54},"end":{"line":22,"column":61}}],"line":22},"1":{"loc":{"start":{"line":22,"column":61},"end":{"line":22,"column":76}},"type":"default-arg","locations":[{"start":{"line":22,"column":67},"end":{"line":22,"column":76}}],"line":22},"2":{"loc":{"start":{"line":26,"column":8},"end":{"line":32,"column":null}},"type":"if","locations":[{"start":{"line":26,"column":8},"end":{"line":32,"column":null}},{"start":{},"end":{}}],"line":26},"3":{"loc":{"start":{"line":37,"column":8},"end":{"line":38,"column":null}},"type":"if","locations":[{"start":{"line":37,"column":8},"end":{"line":38,"column":null}},{"start":{},"end":{}}],"line":37},"4":{"loc":{"start":{"line":53,"column":8},"end":{"line":54,"column":null}},"type":"if","locations":[{"start":{"line":53,"column":8},"end":{"line":54,"column":null}},{"start":{},"end":{}}],"line":53},"5":{"loc":{"start":{"line":75,"column":10},"end":{"line":93,"column":null}},"type":"if","locations":[{"start":{"line":75,"column":10},"end":{"line":93,"column":null}},{"start":{},"end":{}}],"line":75},"6":{"loc":{"start":{"line":77,"column":12},"end":{"line":85,"column":null}},"type":"if","locations":[{"start":{"line":77,"column":12},"end":{"line":85,"column":null}},{"start":{},"end":{}}],"line":77},"7":{"loc":{"start":{"line":100,"column":49},"end":{"line":100,"column":null}},"type":"binary-expr","locations":[{"start":{"line":100,"column":49},"end":{"line":100,"column":59}},{"start":{"line":100,"column":59},"end":{"line":100,"column":null}}],"line":100},"8":{"loc":{"start":{"line":114,"column":10},"end":{"line":114,"column":null}},"type":"cond-expr","locations":[{"start":{"line":114,"column":35},"end":{"line":114,"column":51}},{"start":{"line":114,"column":51},"end":{"line":114,"column":null}}],"line":114}},"s":{"0":3,"1":13,"2":13,"3":13,"4":1,"5":12,"6":12,"7":0,"8":12,"9":12,"10":1,"11":12,"12":12,"13":12,"14":12,"15":1,"16":13,"17":1,"18":13,"19":10,"20":9,"21":8,"22":8,"23":1,"24":1,"25":13,"26":1,"27":1,"28":1},"f":{"0":13,"1":13,"2":1,"3":1,"4":10,"5":1},"b":{"0":[13],"1":[13],"2":[1,12],"3":[0,12],"4":[1,11],"5":[9,1],"6":[8,1],"7":[1,0],"8":[1,0]},"meta":{"lastBranch":9,"lastFunction":6,"lastStatement":29,"seen":{"s:7:13:125:2":0,"f:22:11:22:18":0,"b:22:54:22:61":0,"b:22:67:22:76":1,"s:23:4:123:Infinity":1,"f:23:15:23:24":1,"s:24:6:121:Infinity":2,"b:26:8:32:Infinity:undefined:undefined:undefined:undefined":2,"s:26:8:32:Infinity":3,"s:27:10:32:Infinity":4,"s:36:26:36:50":5,"b:37:8:38:Infinity:undefined:undefined:undefined:undefined":3,"s:37:8:38:Infinity":6,"s:38:10:38:Infinity":7,"s:42:21:51:Infinity":8,"b:53:8:54:Infinity:undefined:undefined:undefined:undefined":4,"s:53:8:54:Infinity":9,"s:54:10:54:Infinity":10,"s:58:14:61:10":11,"s:63:21:63:Infinity":12,"s:64:21:64:Infinity":13,"s:66:8:68:Infinity":14,"f:66:33:66:42":2,"s:67:10:67:Infinity":15,"s:70:8:72:Infinity":16,"f:70:33:70:42":3,"s:71:10:71:Infinity":17,"s:74:8:102:Infinity":18,"f:74:25:74:35":4,"b:75:10:93:Infinity:undefined:undefined:undefined:undefined":5,"s:75:10:93:Infinity":19,"b:77:12:85:Infinity:undefined:undefined:undefined:undefined":6,"s:77:12:85:Infinity":20,"s:79:39:79:Infinity":21,"s:81:14:85:Infinity":22,"s:88:12:93:Infinity":23,"s:96:10:101:Infinity":24,"b:100:49:100:59:100:59:100:Infinity":7,"s:104:8:111:Infinity":25,"f:104:25:104:35":5,"s:105:10:110:Infinity":26,"s:114:10:114:Infinity":27,"b:114:35:114:51:114:51:114:Infinity":8,"s:116:8:121:Infinity":28}}}
,"/Volumes/SN350-1T 1/dev/video-script/src/mastra/tools/web-fetch.ts": {"path":"/Volumes/SN350-1T 1/dev/video-script/src/mastra/tools/web-fetch.ts","statementMap":{"0":{"start":{"line":6,"column":2},"end":{"line":33,"column":null}},"1":{"start":{"line":38,"column":8},"end":{"line":41,"column":70}},"2":{"start":{"line":39,"column":4},"end":{"line":41,"column":70}},"3":{"start":{"line":43,"column":8},"end":{"line":50,"column":29}},"4":{"start":{"line":44,"column":4},"end":{"line":50,"column":29}},"5":{"start":{"line":52,"column":8},"end":{"line":56,"column":13}},"6":{"start":{"line":53,"column":4},"end":{"line":56,"column":13}},"7":{"start":{"line":58,"column":2},"end":{"line":60,"column":null}},"8":{"start":{"line":64,"column":21},"end":{"line":64,"column":62}},"9":{"start":{"line":65,"column":2},"end":{"line":66,"column":null}},"10":{"start":{"line":66,"column":4},"end":{"line":66,"column":null}},"11":{"start":{"line":69,"column":18},"end":{"line":69,"column":53}},"12":{"start":{"line":70,"column":2},"end":{"line":71,"column":null}},"13":{"start":{"line":71,"column":4},"end":{"line":71,"column":null}},"14":{"start":{"line":73,"column":2},"end":{"line":73,"column":null}},"15":{"start":{"line":76,"column":13},"end":{"line":130,"column":2}},"16":{"start":{"line":89,"column":10},"end":{"line":92,"column":null}},"17":{"start":{"line":94,"column":4},"end":{"line":128,"column":null}},"18":{"start":{"line":95,"column":25},"end":{"line":95,"column":46}},"19":{"start":{"line":96,"column":25},"end":{"line":96,"column":null}},"20":{"start":{"line":97,"column":24},"end":{"line":97,"column":72}},"21":{"start":{"line":97,"column":41},"end":{"line":97,"column":59}},"22":{"start":{"line":99,"column":6},"end":{"line":126,"column":null}},"23":{"start":{"line":100,"column":25},"end":{"line":106,"column":10}},"24":{"start":{"line":108,"column":8},"end":{"line":109,"column":null}},"25":{"start":{"line":109,"column":10},"end":{"line":109,"column":null}},"26":{"start":{"line":111,"column":8},"end":{"line":112,"column":null}},"27":{"start":{"line":112,"column":10},"end":{"line":112,"column":null}},"28":{"start":{"line":114,"column":8},"end":{"line":115,"column":null}},"29":{"start":{"line":115,"column":10},"end":{"line":115,"column":null}},"30":{"start":{"line":117,"column":21},"end":{"line":117,"column":42}},"31":{"start":{"line":118,"column":22},"end":{"line":118,"column":40}},"32":{"start":{"line":119,"column":24},"end":{"line":119,"column":44}},"33":{"start":{"line":120,"column":8},"end":{"line":124,"column":null}},"34":{"start":{"line":126,"column":8},"end":{"line":126,"column":null}}},"fnMap":{"0":{"name":"convertTagsToMarkdown","decl":{"start":{"line":5,"column":9},"end":{"line":5,"column":31}},"loc":{"start":{"line":5,"column":53},"end":{"line":33,"column":null}},"line":5},"1":{"name":"htmlToMarkdown","decl":{"start":{"line":37,"column":9},"end":{"line":37,"column":24}},"loc":{"start":{"line":37,"column":46},"end":{"line":60,"column":null}},"line":37},"2":{"name":"(anonymous_2)","decl":{"start":{"line":38,"column":8},"end":{"line":38,"column":34}},"loc":{"start":{"line":39,"column":4},"end":{"line":41,"column":70}},"line":39},"3":{"name":"(anonymous_3)","decl":{"start":{"line":43,"column":8},"end":{"line":43,"column":30}},"loc":{"start":{"line":44,"column":4},"end":{"line":50,"column":29}},"line":44},"4":{"name":"(anonymous_4)","decl":{"start":{"line":52,"column":8},"end":{"line":52,"column":31}},"loc":{"start":{"line":53,"column":4},"end":{"line":56,"column":13}},"line":53},"5":{"name":"extractTitle","decl":{"start":{"line":63,"column":9},"end":{"line":63,"column":22}},"loc":{"start":{"line":63,"column":44},"end":{"line":73,"column":null}},"line":63},"6":{"name":"(anonymous_6)","decl":{"start":{"line":88,"column":11},"end":{"line":88,"column":18}},"loc":{"start":{"line":88,"column":30},"end":{"line":128,"column":null}},"line":88},"7":{"name":"(anonymous_7)","decl":{"start":{"line":94,"column":21},"end":{"line":94,"column":33}},"loc":{"start":{"line":94,"column":33},"end":{"line":128,"column":20}},"line":94},"8":{"name":"(anonymous_8)","decl":{"start":{"line":97,"column":24},"end":{"line":97,"column":41}},"loc":{"start":{"line":97,"column":41},"end":{"line":97,"column":59}},"line":97}},"branchMap":{"0":{"loc":{"start":{"line":65,"column":2},"end":{"line":66,"column":null}},"type":"if","locations":[{"start":{"line":65,"column":2},"end":{"line":66,"column":null}},{"start":{},"end":{}}],"line":65},"1":{"loc":{"start":{"line":65,"column":6},"end":{"line":65,"column":35}},"type":"binary-expr","locations":[{"start":{"line":65,"column":6},"end":{"line":65,"column":20}},{"start":{"line":65,"column":20},"end":{"line":65,"column":35}}],"line":65},"2":{"loc":{"start":{"line":70,"column":2},"end":{"line":71,"column":null}},"type":"if","locations":[{"start":{"line":70,"column":2},"end":{"line":71,"column":null}},{"start":{},"end":{}}],"line":70},"3":{"loc":{"start":{"line":70,"column":6},"end":{"line":70,"column":29}},"type":"binary-expr","locations":[{"start":{"line":70,"column":6},"end":{"line":70,"column":17}},{"start":{"line":70,"column":17},"end":{"line":70,"column":29}}],"line":70},"4":{"loc":{"start":{"line":89,"column":10},"end":{"line":92,"column":null}},"type":"cond-expr","locations":[{"start":{"line":91,"column":10},"end":{"line":91,"column":27}},{"start":{"line":92,"column":10},"end":{"line":92,"column":null}}],"line":89},"5":{"loc":{"start":{"line":108,"column":8},"end":{"line":109,"column":null}},"type":"if","locations":[{"start":{"line":108,"column":8},"end":{"line":109,"column":null}},{"start":{},"end":{}}],"line":108},"6":{"loc":{"start":{"line":111,"column":8},"end":{"line":112,"column":null}},"type":"if","locations":[{"start":{"line":111,"column":8},"end":{"line":112,"column":null}},{"start":{},"end":{}}],"line":111},"7":{"loc":{"start":{"line":114,"column":8},"end":{"line":115,"column":null}},"type":"if","locations":[{"start":{"line":114,"column":8},"end":{"line":115,"column":null}},{"start":{},"end":{}}],"line":114}},"s":{"0":11,"1":11,"2":11,"3":11,"4":11,"5":11,"6":11,"7":11,"8":11,"9":11,"10":2,"11":9,"12":9,"13":2,"14":7,"15":3,"16":16,"17":16,"18":16,"19":16,"20":16,"21":0,"22":16,"23":16,"24":14,"25":1,"26":13,"27":1,"28":12,"29":1,"30":11,"31":11,"32":11,"33":11,"34":16},"f":{"0":11,"1":11,"2":11,"3":11,"4":11,"5":11,"6":16,"7":16,"8":0},"b":{"0":[2,9],"1":[11,2],"2":[2,7],"3":[9,2],"4":[16,0],"5":[1,13],"6":[1,12],"7":[1,11]},"meta":{"lastBranch":8,"lastFunction":9,"lastStatement":35,"seen":{"f:5:9:5:31":0,"s:6:2:33:Infinity":0,"f:37:9:37:24":1,"s:38:8:41:70":1,"f:38:8:38:34":2,"s:39:4:41:70":2,"s:43:8:50:29":3,"f:43:8:43:30":3,"s:44:4:50:29":4,"s:52:8:56:13":5,"f:52:8:52:31":4,"s:53:4:56:13":6,"s:58:2:60:Infinity":7,"f:63:9:63:22":5,"s:64:21:64:62":8,"b:65:2:66:Infinity:undefined:undefined:undefined:undefined":0,"s:65:2:66:Infinity":9,"b:65:6:65:20:65:20:65:35":1,"s:66:4:66:Infinity":10,"s:69:18:69:53":11,"b:70:2:71:Infinity:undefined:undefined:undefined:undefined":2,"s:70:2:71:Infinity":12,"b:70:6:70:17:70:17:70:29":3,"s:71:4:71:Infinity":13,"s:73:2:73:Infinity":14,"s:76:13:130:2":15,"f:88:11:88:18":6,"s:89:10:92:Infinity":16,"b:91:10:91:27:92:10:92:Infinity":4,"s:94:4:128:Infinity":17,"f:94:21:94:33":7,"s:95:25:95:46":18,"s:96:25:96:Infinity":19,"s:97:24:97:72":20,"f:97:24:97:41":8,"s:97:41:97:59":21,"s:99:6:126:Infinity":22,"s:100:25:106:10":23,"b:108:8:109:Infinity:undefined:undefined:undefined:undefined":5,"s:108:8:109:Infinity":24,"s:109:10:109:Infinity":25,"b:111:8:112:Infinity:undefined:undefined:undefined:undefined":6,"s:111:8:112:Infinity":26,"s:112:10:112:Infinity":27,"b:114:8:115:Infinity:undefined:undefined:undefined:undefined":7,"s:114:8:115:Infinity":28,"s:115:10:115:Infinity":29,"s:117:21:117:42":30,"s:118:22:118:40":31,"s:119:24:119:44":32,"s:120:8:124:Infinity":33,"s:126:8:126:Infinity":34}}}
,"/Volumes/SN350-1T 1/dev/video-script/src/mastra/workflows/video-generation-workflow.ts": {"path":"/Volumes/SN350-1T 1/dev/video-script/src/mastra/workflows/video-generation-workflow.ts","statementMap":{"0":{"start":{"line":13,"column":6},"end":{"line":17,"column":2}},"1":{"start":{"line":19,"column":6},"end":{"line":23,"column":2}},"2":{"start":{"line":25,"column":6},"end":{"line":74,"column":2}},"3":{"start":{"line":32,"column":25},"end":{"line":64,"column":null}},"4":{"start":{"line":34,"column":8},"end":{"line":37,"column":null}},"5":{"start":{"line":39,"column":25},"end":{"line":39,"column":null}},"6":{"start":{"line":41,"column":8},"end":{"line":49,"column":null}},"7":{"start":{"line":51,"column":6},"end":{"line":63,"column":null}},"8":{"start":{"line":66,"column":4},"end":{"line":72,"column":null}},"9":{"start":{"line":70,"column":40},"end":{"line":70,"column":58}},"10":{"start":{"line":76,"column":31},"end":{"line":78,"column":2}},"11":{"start":{"line":80,"column":6},"end":{"line":102,"column":2}},"12":{"start":{"line":86,"column":4},"end":{"line":87,"column":null}},"13":{"start":{"line":87,"column":6},"end":{"line":87,"column":null}},"14":{"start":{"line":91,"column":6},"end":{"line":91,"column":null}},"15":{"start":{"line":92,"column":4},"end":{"line":94,"column":null}},"16":{"start":{"line":93,"column":45},"end":{"line":93,"column":null}},"17":{"start":{"line":94,"column":6},"end":{"line":94,"column":null}},"18":{"start":{"line":97,"column":4},"end":{"line":99,"column":null}},"19":{"start":{"line":100,"column":4},"end":{"line":100,"column":null}},"20":{"start":{"line":104,"column":31},"end":{"line":114,"column":2}},"21":{"start":{"line":116,"column":6},"end":{"line":120,"column":2}},"22":{"start":{"line":122,"column":28},"end":{"line":132,"column":2}},"23":{"start":{"line":134,"column":6},"end":{"line":138,"column":2}},"24":{"start":{"line":140,"column":13},"end":{"line":214,"column":11}},"25":{"start":{"line":155,"column":22},"end":{"line":157,"column":null}},"26":{"start":{"line":156,"column":49},"end":{"line":156,"column":58}},"27":{"start":{"line":158,"column":20},"end":{"line":160,"column":null}},"28":{"start":{"line":162,"column":4},"end":{"line":164,"column":null}},"29":{"start":{"line":168,"column":26},"end":{"line":170,"column":17}},"30":{"start":{"line":169,"column":19},"end":{"line":169,"column":54}},"31":{"start":{"line":171,"column":23},"end":{"line":173,"column":17}},"32":{"start":{"line":172,"column":18},"end":{"line":172,"column":73}},"33":{"start":{"line":175,"column":4},"end":{"line":177,"column":null}},"34":{"start":{"line":183,"column":23},"end":{"line":188,"column":17}},"35":{"start":{"line":186,"column":10},"end":{"line":186,"column":null}},"36":{"start":{"line":190,"column":4},"end":{"line":192,"column":null}},"37":{"start":{"line":196,"column":26},"end":{"line":201,"column":17}},"38":{"start":{"line":199,"column":10},"end":{"line":199,"column":null}},"39":{"start":{"line":203,"column":4},"end":{"line":205,"column":null}},"40":{"start":{"line":208,"column":33},"end":{"line":213,"column":5}}},"fnMap":{"0":{"name":"(anonymous_0)","decl":{"start":{"line":31,"column":11},"end":{"line":31,"column":18}},"loc":{"start":{"line":31,"column":36},"end":{"line":72,"column":null}},"line":31},"1":{"name":"(anonymous_1)","decl":{"start":{"line":32,"column":42},"end":{"line":32,"column":47}},"loc":{"start":{"line":32,"column":64},"end":{"line":64,"column":null}},"line":32},"2":{"name":"(anonymous_2)","decl":{"start":{"line":70,"column":21},"end":{"line":70,"column":29}},"loc":{"start":{"line":70,"column":40},"end":{"line":70,"column":58}},"line":70},"3":{"name":"(anonymous_3)","decl":{"start":{"line":85,"column":11},"end":{"line":85,"column":18}},"loc":{"start":{"line":85,"column":57},"end":{"line":100,"column":null}},"line":85},"4":{"name":"(anonymous_4)","decl":{"start":{"line":154,"column":7},"end":{"line":154,"column":14}},"loc":{"start":{"line":154,"column":32},"end":{"line":165,"column":null}},"line":154},"5":{"name":"(anonymous_5)","decl":{"start":{"line":156,"column":38},"end":{"line":156,"column":43}},"loc":{"start":{"line":156,"column":49},"end":{"line":156,"column":58}},"line":156},"6":{"name":"(anonymous_6)","decl":{"start":{"line":167,"column":7},"end":{"line":167,"column":14}},"loc":{"start":{"line":167,"column":32},"end":{"line":178,"column":null}},"line":167},"7":{"name":"(anonymous_7)","decl":{"start":{"line":169,"column":7},"end":{"line":169,"column":12}},"loc":{"start":{"line":169,"column":19},"end":{"line":169,"column":54}},"line":169},"8":{"name":"(anonymous_8)","decl":{"start":{"line":172,"column":7},"end":{"line":172,"column":12}},"loc":{"start":{"line":172,"column":18},"end":{"line":172,"column":73}},"line":172},"9":{"name":"(anonymous_9)","decl":{"start":{"line":182,"column":7},"end":{"line":182,"column":14}},"loc":{"start":{"line":182,"column":32},"end":{"line":193,"column":null}},"line":182},"10":{"name":"(anonymous_10)","decl":{"start":{"line":184,"column":7},"end":{"line":184,"column":null}},"loc":{"start":{"line":186,"column":10},"end":{"line":186,"column":null}},"line":186},"11":{"name":"(anonymous_11)","decl":{"start":{"line":195,"column":7},"end":{"line":195,"column":14}},"loc":{"start":{"line":195,"column":32},"end":{"line":206,"column":null}},"line":195},"12":{"name":"(anonymous_12)","decl":{"start":{"line":197,"column":7},"end":{"line":197,"column":null}},"loc":{"start":{"line":199,"column":10},"end":{"line":199,"column":null}},"line":199},"13":{"name":"(anonymous_13)","decl":{"start":{"line":208,"column":7},"end":{"line":208,"column":14}},"loc":{"start":{"line":208,"column":33},"end":{"line":213,"column":5}},"line":208}},"branchMap":{"0":{"loc":{"start":{"line":34,"column":8},"end":{"line":37,"column":null}},"type":"binary-expr","locations":[{"start":{"line":34,"column":8},"end":{"line":34,"column":null}},{"start":{"line":35,"column":9},"end":{"line":37,"column":null}}],"line":34},"1":{"loc":{"start":{"line":35,"column":9},"end":{"line":37,"column":null}},"type":"cond-expr","locations":[{"start":{"line":36,"column":12},"end":{"line":36,"column":null}},{"start":{"line":37,"column":12},"end":{"line":37,"column":null}}],"line":35},"2":{"loc":{"start":{"line":35,"column":9},"end":{"line":35,"column":null}},"type":"binary-expr","locations":[{"start":{"line":35,"column":9},"end":{"line":35,"column":42}},{"start":{"line":35,"column":42},"end":{"line":35,"column":null}}],"line":35},"3":{"loc":{"start":{"line":39,"column":25},"end":{"line":39,"column":null}},"type":"binary-expr","locations":[{"start":{"line":39,"column":25},"end":{"line":39,"column":45}},{"start":{"line":39,"column":45},"end":{"line":39,"column":null}}],"line":39},"4":{"loc":{"start":{"line":41,"column":8},"end":{"line":49,"column":null}},"type":"cond-expr","locations":[{"start":{"line":42,"column":12},"end":{"line":42,"column":null}},{"start":{"line":43,"column":12},"end":{"line":49,"column":null}}],"line":41},"5":{"loc":{"start":{"line":43,"column":12},"end":{"line":49,"column":null}},"type":"cond-expr","locations":[{"start":{"line":44,"column":14},"end":{"line":44,"column":null}},{"start":{"line":45,"column":14},"end":{"line":49,"column":null}}],"line":43},"6":{"loc":{"start":{"line":45,"column":14},"end":{"line":49,"column":null}},"type":"cond-expr","locations":[{"start":{"line":46,"column":16},"end":{"line":46,"column":null}},{"start":{"line":47,"column":16},"end":{"line":49,"column":null}}],"line":45},"7":{"loc":{"start":{"line":47,"column":16},"end":{"line":49,"column":null}},"type":"cond-expr","locations":[{"start":{"line":48,"column":18},"end":{"line":48,"column":null}},{"start":{"line":49,"column":18},"end":{"line":49,"column":null}}],"line":47},"8":{"loc":{"start":{"line":52,"column":19},"end":{"line":52,"column":41}},"type":"binary-expr","locations":[{"start":{"line":52,"column":19},"end":{"line":52,"column":31}},{"start":{"line":52,"column":31},"end":{"line":52,"column":41}}],"line":52},"9":{"loc":{"start":{"line":69,"column":8},"end":{"line":70,"column":60}},"type":"binary-expr","locations":[{"start":{"line":69,"column":8},"end":{"line":69,"column":null}},{"start":{"line":70,"column":8},"end":{"line":70,"column":60}}],"line":69},"10":{"loc":{"start":{"line":86,"column":4},"end":{"line":87,"column":null}},"type":"if","locations":[{"start":{"line":86,"column":4},"end":{"line":87,"column":null}},{"start":{},"end":{}}],"line":86},"11":{"loc":{"start":{"line":91,"column":6},"end":{"line":91,"column":null}},"type":"binary-expr","locations":[{"start":{"line":91,"column":6},"end":{"line":91,"column":31}},{"start":{"line":91,"column":31},"end":{"line":91,"column":null}}],"line":91},"12":{"loc":{"start":{"line":92,"column":4},"end":{"line":94,"column":null}},"type":"if","locations":[{"start":{"line":92,"column":4},"end":{"line":94,"column":null}},{"start":{},"end":{}}],"line":92},"13":{"loc":{"start":{"line":155,"column":22},"end":{"line":157,"column":null}},"type":"cond-expr","locations":[{"start":{"line":156,"column":8},"end":{"line":156,"column":null}},{"start":{"line":157,"column":8},"end":{"line":157,"column":null}}],"line":155},"14":{"loc":{"start":{"line":158,"column":20},"end":{"line":160,"column":null}},"type":"cond-expr","locations":[{"start":{"line":159,"column":8},"end":{"line":159,"column":null}},{"start":{"line":160,"column":8},"end":{"line":160,"column":null}}],"line":158},"15":{"loc":{"start":{"line":186,"column":85},"end":{"line":186,"column":null}},"type":"binary-expr","locations":[{"start":{"line":186,"column":85},"end":{"line":186,"column":104}},{"start":{"line":186,"column":104},"end":{"line":186,"column":null}}],"line":186},"16":{"loc":{"start":{"line":199,"column":32},"end":{"line":199,"column":76}},"type":"cond-expr","locations":[{"start":{"line":199,"column":46},"end":{"line":199,"column":69}},{"start":{"line":199,"column":69},"end":{"line":199,"column":76}}],"line":199}},"s":{"0":1,"1":1,"2":1,"3":0,"4":0,"5":0,"6":0,"7":0,"8":0,"9":0,"10":1,"11":1,"12":0,"13":0,"14":0,"15":0,"16":0,"17":0,"18":0,"19":0,"20":1,"21":1,"22":1,"23":1,"24":1,"25":0,"26":0,"27":0,"28":0,"29":0,"30":0,"31":0,"32":0,"33":0,"34":0,"35":0,"36":0,"37":0,"38":0,"39":0,"40":0},"f":{"0":0,"1":0,"2":0,"3":0,"4":0,"5":0,"6":0,"7":0,"8":0,"9":0,"10":0,"11":0,"12":0,"13":0},"b":{"0":[0,0],"1":[0,0],"2":[0,0],"3":[0,0],"4":[0,0],"5":[0,0],"6":[0,0],"7":[0,0],"8":[0,0],"9":[0,0],"10":[0,0],"11":[0,0],"12":[0,0],"13":[0,0],"14":[0,0],"15":[0,0],"16":[0,0]},"meta":{"lastBranch":17,"lastFunction":14,"lastStatement":41,"seen":{"s:13:6:17:2":0,"s:19:6:23:2":1,"s:25:6:74:2":2,"f:31:11:31:18":0,"s:32:25:64:Infinity":3,"f:32:42:32:47":1,"s:34:8:37:Infinity":4,"b:34:8:34:Infinity:35:9:37:Infinity":0,"b:36:12:36:Infinity:37:12:37:Infinity":1,"b:35:9:35:42:35:42:35:Infinity":2,"s:39:25:39:Infinity":5,"b:39:25:39:45:39:45:39:Infinity":3,"s:41:8:49:Infinity":6,"b:42:12:42:Infinity:43:12:49:Infinity":4,"b:44:14:44:Infinity:45:14:49:Infinity":5,"b:46:16:46:Infinity:47:16:49:Infinity":6,"b:48:18:48:Infinity:49:18:49:Infinity":7,"s:51:6:63:Infinity":7,"b:52:19:52:31:52:31:52:41":8,"s:66:4:72:Infinity":8,"b:69:8:69:Infinity:70:8:70:60":9,"f:70:21:70:29":2,"s:70:40:70:58":9,"s:76:31:78:2":10,"s:80:6:102:2":11,"f:85:11:85:18":3,"b:86:4:87:Infinity:undefined:undefined:undefined:undefined":10,"s:86:4:87:Infinity":12,"s:87:6:87:Infinity":13,"s:91:6:91:Infinity":14,"b:91:6:91:31:91:31:91:Infinity":11,"b:92:4:94:Infinity:undefined:undefined:undefined:undefined":12,"s:92:4:94:Infinity":15,"s:93:45:93:Infinity":16,"s:94:6:94:Infinity":17,"s:97:4:99:Infinity":18,"s:100:4:100:Infinity":19,"s:104:31:114:2":20,"s:116:6:120:2":21,"s:122:28:132:2":22,"s:134:6:138:2":23,"s:140:13:214:11":24,"f:154:7:154:14":4,"s:155:22:157:Infinity":25,"b:156:8:156:Infinity:157:8:157:Infinity":13,"f:156:38:156:43":5,"s:156:49:156:58":26,"s:158:20:160:Infinity":27,"b:159:8:159:Infinity:160:8:160:Infinity":14,"s:162:4:164:Infinity":28,"f:167:7:167:14":6,"s:168:26:170:17":29,"f:169:7:169:12":7,"s:169:19:169:54":30,"s:171:23:173:17":31,"f:172:7:172:12":8,"s:172:18:172:73":32,"s:175:4:177:Infinity":33,"f:182:7:182:14":9,"s:183:23:188:17":34,"f:184:7:184:Infinity":10,"s:186:10:186:Infinity":35,"b:186:85:186:104:186:104:186:Infinity":15,"s:190:4:192:Infinity":36,"f:195:7:195:14":11,"s:196:26:201:17":37,"f:197:7:197:Infinity":12,"s:199:10:199:Infinity":38,"b:199:46:199:69:199:69:199:76":16,"s:203:4:205:Infinity":39,"f:208:7:208:14":13,"s:208:33:213:5":40}}}
,"/Volumes/SN350-1T 1/dev/video-script/src/types/index.ts": {"path":"/Volumes/SN350-1T 1/dev/video-script/src/types/index.ts","statementMap":{"0":{"start":{"line":3,"column":35},"end":{"line":8,"column":2}},"1":{"start":{"line":12,"column":36},"end":{"line":36,"column":2}},"2":{"start":{"line":40,"column":36},"end":{"line":47,"column":2}},"3":{"start":{"line":51,"column":30},"end":{"line":55,"column":2}},"4":{"start":{"line":59,"column":30},"end":{"line":59,"column":79}},"5":{"start":{"line":61,"column":27},"end":{"line":73,"column":2}},"6":{"start":{"line":77,"column":34},"end":{"line":81,"column":2}},"7":{"start":{"line":85,"column":33},"end":{"line":89,"column":2}},"8":{"start":{"line":93,"column":42},"end":{"line":96,"column":2}},"9":{"start":{"line":100,"column":39},"end":{"line":105,"column":2}}},"fnMap":{},"branchMap":{},"s":{"0":2,"1":2,"2":2,"3":2,"4":2,"5":2,"6":2,"7":2,"8":2,"9":2},"f":{},"b":{},"meta":{"lastBranch":0,"lastFunction":0,"lastStatement":10,"seen":{"s:3:35:8:2":0,"s:12:36:36:2":1,"s:40:36:47:2":2,"s:51:30:55:2":3,"s:59:30:59:79":4,"s:61:27:73:2":5,"s:77:34:81:2":6,"s:85:33:89:2":7,"s:93:42:96:2":8,"s:100:39:105:2":9}}}
,"/Volumes/SN350-1T 1/dev/video-script/src/utils/cleanup.ts": {"path":"/Volumes/SN350-1T 1/dev/video-script/src/utils/cleanup.ts","statementMap":{"0":{"start":{"line":6,"column":36},"end":{"line":10,"column":2}},"1":{"start":{"line":14,"column":35},"end":{"line":23,"column":2}},"2":{"start":{"line":30,"column":41},"end":{"line":30,"column":null}},"3":{"start":{"line":36,"column":16},"end":{"line":39,"column":null}},"4":{"start":{"line":41,"column":2},"end":{"line":41,"column":null}},"5":{"start":{"line":51,"column":19},"end":{"line":51,"column":42}},"6":{"start":{"line":52,"column":2},"end":{"line":52,"column":null}},"7":{"start":{"line":52,"column":36},"end":{"line":52,"column":67}},"8":{"start":{"line":56,"column":2},"end":{"line":60,"column":null}},"9":{"start":{"line":57,"column":18},"end":{"line":57,"column":41}},"10":{"start":{"line":58,"column":4},"end":{"line":58,"column":null}},"11":{"start":{"line":60,"column":4},"end":{"line":60,"column":null}},"12":{"start":{"line":68,"column":2},"end":{"line":74,"column":null}},"13":{"start":{"line":69,"column":18},"end":{"line":69,"column":41}},"14":{"start":{"line":70,"column":16},"end":{"line":70,"column":26}},"15":{"start":{"line":71,"column":20},"end":{"line":71,"column":null}},"16":{"start":{"line":72,"column":4},"end":{"line":72,"column":null}},"17":{"start":{"line":74,"column":4},"end":{"line":74,"column":null}},"18":{"start":{"line":82,"column":2},"end":{"line":95,"column":null}},"19":{"start":{"line":83,"column":20},"end":{"line":83,"column":70}},"20":{"start":{"line":85,"column":4},"end":{"line":91,"column":null}},"21":{"start":{"line":86,"column":23},"end":{"line":86,"column":53}},"22":{"start":{"line":88,"column":6},"end":{"line":91,"column":null}},"23":{"start":{"line":89,"column":8},"end":{"line":89,"column":null}},"24":{"start":{"line":91,"column":8},"end":{"line":91,"column":null}},"25":{"start":{"line":95,"column":4},"end":{"line":95,"column":null}},"26":{"start":{"line":98,"column":2},"end":{"line":98,"column":null}},"27":{"start":{"line":122,"column":33},"end":{"line":122,"column":35}},"28":{"start":{"line":123,"column":57},"end":{"line":123,"column":59}},"29":{"start":{"line":124,"column":19},"end":{"line":124,"column":null}},"30":{"start":{"line":126,"column":2},"end":{"line":220,"column":null}},"31":{"start":{"line":127,"column":29},"end":{"line":127,"column":70}},"32":{"start":{"line":128,"column":59},"end":{"line":128,"column":null}},"33":{"start":{"line":130,"column":4},"end":{"line":137,"column":null}},"34":{"start":{"line":131,"column":6},"end":{"line":131,"column":null}},"35":{"start":{"line":133,"column":6},"end":{"line":137,"column":null}},"36":{"start":{"line":140,"column":4},"end":{"line":168,"column":null}},"37":{"start":{"line":141,"column":26},"end":{"line":141,"column":67}},"38":{"start":{"line":142,"column":28},"end":{"line":142,"column":59}},"39":{"start":{"line":144,"column":6},"end":{"line":161,"column":null}},"40":{"start":{"line":145,"column":8},"end":{"line":161,"column":null}},"41":{"start":{"line":146,"column":10},"end":{"line":148,"column":null}},"42":{"start":{"line":147,"column":26},"end":{"line":147,"column":70}},"43":{"start":{"line":148,"column":12},"end":{"line":148,"column":null}},"44":{"start":{"line":148,"column":24},"end":{"line":148,"column":null}},"45":{"start":{"line":151,"column":27},"end":{"line":151,"column":54}},"46":{"start":{"line":152,"column":10},"end":{"line":152,"column":null}},"47":{"start":{"line":154,"column":10},"end":{"line":154,"column":null}},"48":{"start":{"line":155,"column":10},"end":{"line":155,"column":null}},"49":{"start":{"line":157,"column":10},"end":{"line":161,"column":null}},"50":{"start":{"line":165,"column":6},"end":{"line":168,"column":null}},"51":{"start":{"line":166,"column":8},"end":{"line":166,"column":null}},"52":{"start":{"line":168,"column":8},"end":{"line":168,"column":null}},"53":{"start":{"line":172,"column":4},"end":{"line":200,"column":null}},"54":{"start":{"line":173,"column":29},"end":{"line":173,"column":64}},"55":{"start":{"line":174,"column":30},"end":{"line":174,"column":64}},"56":{"start":{"line":176,"column":6},"end":{"line":193,"column":null}},"57":{"start":{"line":177,"column":8},"end":{"line":193,"column":null}},"58":{"start":{"line":178,"column":10},"end":{"line":180,"column":null}},"59":{"start":{"line":179,"column":26},"end":{"line":179,"column":70}},"60":{"start":{"line":180,"column":12},"end":{"line":180,"column":null}},"61":{"start":{"line":180,"column":24},"end":{"line":180,"column":null}},"62":{"start":{"line":183,"column":27},"end":{"line":183,"column":54}},"63":{"start":{"line":184,"column":10},"end":{"line":184,"column":null}},"64":{"start":{"line":186,"column":10},"end":{"line":186,"column":null}},"65":{"start":{"line":187,"column":10},"end":{"line":187,"column":null}},"66":{"start":{"line":189,"column":10},"end":{"line":193,"column":null}},"67":{"start":{"line":197,"column":6},"end":{"line":200,"column":null}},"68":{"start":{"line":198,"column":8},"end":{"line":198,"column":null}},"69":{"start":{"line":200,"column":8},"end":{"line":200,"column":null}},"70":{"start":{"line":204,"column":4},"end":{"line":208,"column":null}},"71":{"start":{"line":210,"column":4},"end":{"line":220,"column":null}},"72":{"start":{"line":228,"column":2},"end":{"line":242,"column":null}},"73":{"start":{"line":229,"column":23},"end":{"line":229,"column":73}},"74":{"start":{"line":231,"column":4},"end":{"line":238,"column":null}},"75":{"start":{"line":232,"column":23},"end":{"line":232,"column":53}},"76":{"start":{"line":234,"column":6},"end":{"line":238,"column":null}},"77":{"start":{"line":235,"column":8},"end":{"line":235,"column":null}},"78":{"start":{"line":236,"column":8},"end":{"line":236,"column":null}},"79":{"start":{"line":238,"column":8},"end":{"line":238,"column":null}},"80":{"start":{"line":242,"column":4},"end":{"line":242,"column":null}},"81":{"start":{"line":245,"column":2},"end":{"line":245,"column":null}},"82":{"start":{"line":257,"column":4},"end":{"line":257,"column":null}},"83":{"start":{"line":258,"column":33},"end":{"line":258,"column":35}},"84":{"start":{"line":259,"column":35},"end":{"line":259,"column":37}},"85":{"start":{"line":260,"column":57},"end":{"line":260,"column":59}},"86":{"start":{"line":262,"column":2},"end":{"line":266,"column":null}},"87":{"start":{"line":263,"column":4},"end":{"line":263,"column":null}},"88":{"start":{"line":265,"column":4},"end":{"line":265,"column":null}},"89":{"start":{"line":266,"column":4},"end":{"line":266,"column":null}},"90":{"start":{"line":269,"column":2},"end":{"line":269,"column":null}},"91":{"start":{"line":271,"column":21},"end":{"line":271,"column":53}},"92":{"start":{"line":272,"column":16},"end":{"line":272,"column":50}},"93":{"start":{"line":272,"column":41},"end":{"line":272,"column":50}},"94":{"start":{"line":273,"column":22},"end":{"line":273,"column":55}},"95":{"start":{"line":273,"column":47},"end":{"line":273,"column":55}},"96":{"start":{"line":275,"column":2},"end":{"line":288,"column":null}},"97":{"start":{"line":276,"column":4},"end":{"line":278,"column":null}},"98":{"start":{"line":277,"column":6},"end":{"line":277,"column":null}},"99":{"start":{"line":278,"column":6},"end":{"line":278,"column":null}},"100":{"start":{"line":281,"column":4},"end":{"line":288,"column":null}},"101":{"start":{"line":282,"column":6},"end":{"line":282,"column":null}},"102":{"start":{"line":283,"column":6},"end":{"line":283,"column":null}},"103":{"start":{"line":285,"column":6},"end":{"line":288,"column":null}},"104":{"start":{"line":292,"column":21},"end":{"line":292,"column":78}},"105":{"start":{"line":292,"column":48},"end":{"line":292,"column":78}},"106":{"start":{"line":293,"column":2},"end":{"line":297,"column":null}},"107":{"start":{"line":294,"column":4},"end":{"line":297,"column":null}},"108":{"start":{"line":295,"column":6},"end":{"line":295,"column":null}},"109":{"start":{"line":297,"column":6},"end":{"line":297,"column":null}},"110":{"start":{"line":301,"column":2},"end":{"line":303,"column":null}},"111":{"start":{"line":302,"column":4},"end":{"line":302,"column":null}},"112":{"start":{"line":303,"column":4},"end":{"line":303,"column":null}},"113":{"start":{"line":303,"column":32},"end":{"line":303,"column":63}},"114":{"start":{"line":306,"column":2},"end":{"line":308,"column":null}},"115":{"start":{"line":307,"column":4},"end":{"line":307,"column":null}},"116":{"start":{"line":308,"column":4},"end":{"line":308,"column":null}},"117":{"start":{"line":308,"column":34},"end":{"line":308,"column":67}},"118":{"start":{"line":311,"column":2},"end":{"line":313,"column":null}},"119":{"start":{"line":312,"column":4},"end":{"line":312,"column":null}},"120":{"start":{"line":313,"column":4},"end":{"line":313,"column":null}},"121":{"start":{"line":313,"column":26},"end":{"line":313,"column":73}},"122":{"start":{"line":316,"column":2},"end":{"line":320,"column":null}},"123":{"start":{"line":317,"column":4},"end":{"line":317,"column":null}},"124":{"start":{"line":318,"column":4},"end":{"line":318,"column":null}},"125":{"start":{"line":320,"column":4},"end":{"line":320,"column":null}}},"fnMap":{"0":{"name":"matchPattern","decl":{"start":{"line":35,"column":16},"end":{"line":35,"column":29}},"loc":{"start":{"line":35,"column":73},"end":{"line":41,"column":null}},"line":35},"1":{"name":"shouldPreserve","decl":{"start":{"line":47,"column":16},"end":{"line":47,"column":null}},"loc":{"start":{"line":50,"column":11},"end":{"line":52,"column":null}},"line":50},"2":{"name":"(anonymous_2)","decl":{"start":{"line":52,"column":18},"end":{"line":52,"column":24}},"loc":{"start":{"line":52,"column":36},"end":{"line":52,"column":67}},"line":52},"3":{"name":"getFileSize","decl":{"start":{"line":55,"column":15},"end":{"line":55,"column":27}},"loc":{"start":{"line":55,"column":62},"end":{"line":60,"column":null}},"line":55},"4":{"name":"isFileOlderThan","decl":{"start":{"line":64,"column":15},"end":{"line":64,"column":null}},"loc":{"start":{"line":67,"column":20},"end":{"line":74,"column":null}},"line":67},"5":{"name":"collectFiles","decl":{"start":{"line":78,"column":15},"end":{"line":78,"column":null}},"loc":{"start":{"line":81,"column":21},"end":{"line":98,"column":null}},"line":81},"6":{"name":"cleanupTempFiles","decl":{"start":{"line":118,"column":22},"end":{"line":118,"column":null}},"loc":{"start":{"line":121,"column":26},"end":{"line":220,"column":null}},"line":121},"7":{"name":"collectAllEntries","decl":{"start":{"line":224,"column":15},"end":{"line":224,"column":null}},"loc":{"start":{"line":227,"column":47},"end":{"line":245,"column":null}},"line":227},"8":{"name":"cleanupRemotionTempDir","decl":{"start":{"line":252,"column":22},"end":{"line":252,"column":null}},"loc":{"start":{"line":255,"column":17},"end":{"line":320,"column":null}},"line":255},"9":{"name":"(anonymous_9)","decl":{"start":{"line":272,"column":27},"end":{"line":272,"column":35}},"loc":{"start":{"line":272,"column":41},"end":{"line":272,"column":50}},"line":272},"10":{"name":"(anonymous_10)","decl":{"start":{"line":273,"column":33},"end":{"line":273,"column":41}},"loc":{"start":{"line":273,"column":47},"end":{"line":273,"column":55}},"line":273},"11":{"name":"(anonymous_11)","decl":{"start":{"line":292,"column":33},"end":{"line":292,"column":39}},"loc":{"start":{"line":292,"column":48},"end":{"line":292,"column":78}},"line":292},"12":{"name":"(anonymous_12)","decl":{"start":{"line":303,"column":17},"end":{"line":303,"column":26}},"loc":{"start":{"line":303,"column":32},"end":{"line":303,"column":63}},"line":303},"13":{"name":"(anonymous_13)","decl":{"start":{"line":308,"column":19},"end":{"line":308,"column":28}},"loc":{"start":{"line":308,"column":34},"end":{"line":308,"column":67}},"line":308},"14":{"name":"(anonymous_14)","decl":{"start":{"line":313,"column":11},"end":{"line":313,"column":20}},"loc":{"start":{"line":313,"column":26},"end":{"line":313,"column":73}},"line":313}},"branchMap":{"0":{"loc":{"start":{"line":80,"column":2},"end":{"line":80,"column":22}},"type":"default-arg","locations":[{"start":{"line":80,"column":20},"end":{"line":80,"column":22}}],"line":80},"1":{"loc":{"start":{"line":88,"column":6},"end":{"line":91,"column":null}},"type":"if","locations":[{"start":{"line":88,"column":6},"end":{"line":91,"column":null}},{"start":{"line":90,"column":13},"end":{"line":91,"column":null}}],"line":88},"2":{"loc":{"start":{"line":127,"column":56},"end":{"line":127,"column":69}},"type":"binary-expr","locations":[{"start":{"line":127,"column":56},"end":{"line":127,"column":67}},{"start":{"line":127,"column":67},"end":{"line":127,"column":69}}],"line":127},"3":{"loc":{"start":{"line":140,"column":4},"end":{"line":168,"column":null}},"type":"if","locations":[{"start":{"line":140,"column":4},"end":{"line":168,"column":null}},{"start":{},"end":{}}],"line":140},"4":{"loc":{"start":{"line":146,"column":10},"end":{"line":148,"column":null}},"type":"if","locations":[{"start":{"line":146,"column":10},"end":{"line":148,"column":null}},{"start":{},"end":{}}],"line":146},"5":{"loc":{"start":{"line":148,"column":12},"end":{"line":148,"column":null}},"type":"if","locations":[{"start":{"line":148,"column":12},"end":{"line":148,"column":null}},{"start":{},"end":{}}],"line":148},"6":{"loc":{"start":{"line":160,"column":14},"end":{"line":160,"column":null}},"type":"cond-expr","locations":[{"start":{"line":160,"column":39},"end":{"line":160,"column":55}},{"start":{"line":160,"column":55},"end":{"line":160,"column":null}}],"line":160},"7":{"loc":{"start":{"line":172,"column":4},"end":{"line":200,"column":null}},"type":"if","locations":[{"start":{"line":172,"column":4},"end":{"line":200,"column":null}},{"start":{},"end":{}}],"line":172},"8":{"loc":{"start":{"line":178,"column":10},"end":{"line":180,"column":null}},"type":"if","locations":[{"start":{"line":178,"column":10},"end":{"line":180,"column":null}},{"start":{},"end":{}}],"line":178},"9":{"loc":{"start":{"line":180,"column":12},"end":{"line":180,"column":null}},"type":"if","locations":[{"start":{"line":180,"column":12},"end":{"line":180,"column":null}},{"start":{},"end":{}}],"line":180},"10":{"loc":{"start":{"line":192,"column":14},"end":{"line":192,"column":null}},"type":"cond-expr","locations":[{"start":{"line":192,"column":39},"end":{"line":192,"column":55}},{"start":{"line":192,"column":55},"end":{"line":192,"column":null}}],"line":192},"11":{"loc":{"start":{"line":217,"column":12},"end":{"line":217,"column":null}},"type":"cond-expr","locations":[{"start":{"line":217,"column":37},"end":{"line":217,"column":53}},{"start":{"line":217,"column":53},"end":{"line":217,"column":null}}],"line":217},"12":{"loc":{"start":{"line":226,"column":2},"end":{"line":226,"column":50}},"type":"default-arg","locations":[{"start":{"line":226,"column":48},"end":{"line":226,"column":50}}],"line":226},"13":{"loc":{"start":{"line":234,"column":6},"end":{"line":238,"column":null}},"type":"if","locations":[{"start":{"line":234,"column":6},"end":{"line":238,"column":null}},{"start":{"line":237,"column":13},"end":{"line":238,"column":null}}],"line":234},"14":{"loc":{"start":{"line":257,"column":4},"end":{"line":257,"column":null}},"type":"binary-expr","locations":[{"start":{"line":257,"column":4},"end":{"line":257,"column":33}},{"start":{"line":257,"column":33},"end":{"line":257,"column":null}}],"line":257},"15":{"loc":{"start":{"line":276,"column":4},"end":{"line":278,"column":null}},"type":"if","locations":[{"start":{"line":276,"column":4},"end":{"line":278,"column":null}},{"start":{},"end":{}}],"line":276},"16":{"loc":{"start":{"line":287,"column":15},"end":{"line":287,"column":null}},"type":"cond-expr","locations":[{"start":{"line":287,"column":40},"end":{"line":287,"column":56}},{"start":{"line":287,"column":56},"end":{"line":287,"column":null}}],"line":287},"17":{"loc":{"start":{"line":301,"column":2},"end":{"line":303,"column":null}},"type":"if","locations":[{"start":{"line":301,"column":2},"end":{"line":303,"column":null}},{"start":{},"end":{}}],"line":301},"18":{"loc":{"start":{"line":306,"column":2},"end":{"line":308,"column":null}},"type":"if","locations":[{"start":{"line":306,"column":2},"end":{"line":308,"column":null}},{"start":{},"end":{}}],"line":306},"19":{"loc":{"start":{"line":311,"column":2},"end":{"line":313,"column":null}},"type":"if","locations":[{"start":{"line":311,"column":2},"end":{"line":313,"column":null}},{"start":{},"end":{}}],"line":311}},"s":{"0":1,"1":1,"2":1,"3":53,"4":53,"5":20,"6":20,"7":40,"8":4,"9":4,"10":4,"11":0,"12":1,"13":1,"14":1,"15":1,"16":1,"17":0,"18":5,"19":5,"20":5,"21":5,"22":5,"23":0,"24":5,"25":0,"26":5,"27":7,"28":7,"29":7,"30":7,"31":7,"32":7,"33":7,"34":7,"35":1,"36":6,"37":3,"38":3,"39":3,"40":3,"41":3,"42":0,"43":0,"44":0,"45":3,"46":3,"47":3,"48":3,"49":0,"50":3,"51":3,"52":0,"53":6,"54":2,"55":2,"56":2,"57":2,"58":2,"59":1,"60":1,"61":1,"62":1,"63":1,"64":1,"65":1,"66":0,"67":2,"68":2,"69":1,"70":6,"71":0,"72":9,"73":9,"74":9,"75":14,"76":14,"77":3,"78":3,"79":11,"80":0,"81":9,"82":7,"83":7,"84":7,"85":7,"86":7,"87":7,"88":1,"89":1,"90":6,"91":6,"92":6,"93":14,"94":6,"95":14,"96":6,"97":11,"98":7,"99":7,"100":4,"101":4,"102":4,"103":0,"104":6,"105":1,"106":6,"107":3,"108":3,"109":2,"110":6,"111":4,"112":4,"113":4,"114":6,"115":5,"116":5,"117":7,"118":6,"119":0,"120":0,"121":0,"122":6,"123":6,"124":1,"125":5},"f":{"0":53,"1":20,"2":40,"3":4,"4":1,"5":5,"6":7,"7":9,"8":7,"9":14,"10":14,"11":1,"12":4,"13":7,"14":0},"b":{"0":[5],"1":[0,5],"2":[7,1],"3":[3,3],"4":[0,3],"5":[0,0],"6":[0,0],"7":[2,4],"8":[1,1],"9":[1,0],"10":[0,0],"11":[0,0],"12":[9],"13":[3,11],"14":[7,6],"15":[7,4],"16":[0,0],"17":[4,2],"18":[5,1],"19":[0,6]},"meta":{"lastBranch":20,"lastFunction":15,"lastStatement":126,"seen":{"s:6:36:10:2":0,"s:14:35:23:2":1,"s:30:41:30:Infinity":2,"f:35:16:35:29":0,"s:36:16:39:Infinity":3,"s:41:2:41:Infinity":4,"f:47:16:47:Infinity":1,"s:51:19:51:42":5,"s:52:2:52:Infinity":6,"f:52:18:52:24":2,"s:52:36:52:67":7,"f:55:15:55:27":3,"s:56:2:60:Infinity":8,"s:57:18:57:41":9,"s:58:4:58:Infinity":10,"s:60:4:60:Infinity":11,"f:64:15:64:Infinity":4,"s:68:2:74:Infinity":12,"s:69:18:69:41":13,"s:70:16:70:26":14,"s:71:20:71:Infinity":15,"s:72:4:72:Infinity":16,"s:74:4:74:Infinity":17,"f:78:15:78:Infinity":5,"b:80:20:80:22":0,"s:82:2:95:Infinity":18,"s:83:20:83:70":19,"s:85:4:91:Infinity":20,"s:86:23:86:53":21,"b:88:6:91:Infinity:90:13:91:Infinity":1,"s:88:6:91:Infinity":22,"s:89:8:89:Infinity":23,"s:91:8:91:Infinity":24,"s:95:4:95:Infinity":25,"s:98:2:98:Infinity":26,"f:118:22:118:Infinity":6,"s:122:33:122:35":27,"s:123:57:123:59":28,"s:124:19:124:Infinity":29,"s:126:2:220:Infinity":30,"s:127:29:127:70":31,"b:127:56:127:67:127:67:127:69":2,"s:128:59:128:Infinity":32,"s:130:4:137:Infinity":33,"s:131:6:131:Infinity":34,"s:133:6:137:Infinity":35,"b:140:4:168:Infinity:undefined:undefined:undefined:undefined":3,"s:140:4:168:Infinity":36,"s:141:26:141:67":37,"s:142:28:142:59":38,"s:144:6:161:Infinity":39,"s:145:8:161:Infinity":40,"b:146:10:148:Infinity:undefined:undefined:undefined:undefined":4,"s:146:10:148:Infinity":41,"s:147:26:147:70":42,"b:148:12:148:Infinity:undefined:undefined:undefined:undefined":5,"s:148:12:148:Infinity":43,"s:148:24:148:Infinity":44,"s:151:27:151:54":45,"s:152:10:152:Infinity":46,"s:154:10:154:Infinity":47,"s:155:10:155:Infinity":48,"s:157:10:161:Infinity":49,"b:160:39:160:55:160:55:160:Infinity":6,"s:165:6:168:Infinity":50,"s:166:8:166:Infinity":51,"s:168:8:168:Infinity":52,"b:172:4:200:Infinity:undefined:undefined:undefined:undefined":7,"s:172:4:200:Infinity":53,"s:173:29:173:64":54,"s:174:30:174:64":55,"s:176:6:193:Infinity":56,"s:177:8:193:Infinity":57,"b:178:10:180:Infinity:undefined:undefined:undefined:undefined":8,"s:178:10:180:Infinity":58,"s:179:26:179:70":59,"b:180:12:180:Infinity:undefined:undefined:undefined:undefined":9,"s:180:12:180:Infinity":60,"s:180:24:180:Infinity":61,"s:183:27:183:54":62,"s:184:10:184:Infinity":63,"s:186:10:186:Infinity":64,"s:187:10:187:Infinity":65,"s:189:10:193:Infinity":66,"b:192:39:192:55:192:55:192:Infinity":10,"s:197:6:200:Infinity":67,"s:198:8:198:Infinity":68,"s:200:8:200:Infinity":69,"s:204:4:208:Infinity":70,"s:210:4:220:Infinity":71,"b:217:37:217:53:217:53:217:Infinity":11,"f:224:15:224:Infinity":7,"b:226:48:226:50":12,"s:228:2:242:Infinity":72,"s:229:23:229:73":73,"s:231:4:238:Infinity":74,"s:232:23:232:53":75,"b:234:6:238:Infinity:237:13:238:Infinity":13,"s:234:6:238:Infinity":76,"s:235:8:235:Infinity":77,"s:236:8:236:Infinity":78,"s:238:8:238:Infinity":79,"s:242:4:242:Infinity":80,"s:245:2:245:Infinity":81,"f:252:22:252:Infinity":8,"s:257:4:257:Infinity":82,"b:257:4:257:33:257:33:257:Infinity":14,"s:258:33:258:35":83,"s:259:35:259:37":84,"s:260:57:260:59":85,"s:262:2:266:Infinity":86,"s:263:4:263:Infinity":87,"s:265:4:265:Infinity":88,"s:266:4:266:Infinity":89,"s:269:2:269:Infinity":90,"s:271:21:271:53":91,"s:272:16:272:50":92,"f:272:27:272:35":9,"s:272:41:272:50":93,"s:273:22:273:55":94,"f:273:33:273:41":10,"s:273:47:273:55":95,"s:275:2:288:Infinity":96,"b:276:4:278:Infinity:undefined:undefined:undefined:undefined":15,"s:276:4:278:Infinity":97,"s:277:6:277:Infinity":98,"s:278:6:278:Infinity":99,"s:281:4:288:Infinity":100,"s:282:6:282:Infinity":101,"s:283:6:283:Infinity":102,"s:285:6:288:Infinity":103,"b:287:40:287:56:287:56:287:Infinity":16,"s:292:21:292:78":104,"f:292:33:292:39":11,"s:292:48:292:78":105,"s:293:2:297:Infinity":106,"s:294:4:297:Infinity":107,"s:295:6:295:Infinity":108,"s:297:6:297:Infinity":109,"b:301:2:303:Infinity:undefined:undefined:undefined:undefined":17,"s:301:2:303:Infinity":110,"s:302:4:302:Infinity":111,"s:303:4:303:Infinity":112,"f:303:17:303:26":12,"s:303:32:303:63":113,"b:306:2:308:Infinity:undefined:undefined:undefined:undefined":18,"s:306:2:308:Infinity":114,"s:307:4:307:Infinity":115,"s:308:4:308:Infinity":116,"f:308:19:308:28":13,"s:308:34:308:67":117,"b:311:2:313:Infinity:undefined:undefined:undefined:undefined":19,"s:311:2:313:Infinity":118,"s:312:4:312:Infinity":119,"s:313:4:313:Infinity":120,"f:313:11:313:20":14,"s:313:26:313:73":121,"s:316:2:320:Infinity":122,"s:317:4:317:Infinity":123,"s:318:4:318:Infinity":124,"s:320:4:320:Infinity":125}}}
,"/Volumes/SN350-1T 1/dev/video-script/src/utils/config.ts": {"path":"/Volumes/SN350-1T 1/dev/video-script/src/utils/config.ts","statementMap":{"0":{"start":{"line":5,"column":24},"end":{"line":9,"column":2}},"1":{"start":{"line":11,"column":24},"end":{"line":15,"column":2}},"2":{"start":{"line":17,"column":27},"end":{"line":21,"column":2}},"3":{"start":{"line":23,"column":31},"end":{"line":31,"column":2}},"4":{"start":{"line":33,"column":33},"end":{"line":49,"column":2}},"5":{"start":{"line":53,"column":23},"end":{"line":59,"column":2}},"6":{"start":{"line":63,"column":2},"end":{"line":65,"column":null}},"7":{"start":{"line":64,"column":4},"end":{"line":64,"column":null}},"8":{"start":{"line":69,"column":8},"end":{"line":69,"column":69}},"9":{"start":{"line":70,"column":19},"end":{"line":70,"column":null}},"10":{"start":{"line":72,"column":2},"end":{"line":73,"column":null}},"11":{"start":{"line":73,"column":4},"end":{"line":73,"column":null}},"12":{"start":{"line":76,"column":2},"end":{"line":95,"column":null}},"13":{"start":{"line":77,"column":10},"end":{"line":77,"column":47}},"14":{"start":{"line":78,"column":19},"end":{"line":78,"column":34}},"15":{"start":{"line":80,"column":4},"end":{"line":88,"column":null}},"16":{"start":{"line":86,"column":7},"end":{"line":88,"column":null}},"17":{"start":{"line":91,"column":4},"end":{"line":91,"column":null}},"18":{"start":{"line":93,"column":4},"end":{"line":95,"column":null}},"19":{"start":{"line":103,"column":4},"end":{"line":107,"column":null}},"20":{"start":{"line":104,"column":6},"end":{"line":105,"column":null}},"21":{"start":{"line":105,"column":8},"end":{"line":105,"column":null}},"22":{"start":{"line":107,"column":6},"end":{"line":107,"column":null}},"23":{"start":{"line":109,"column":4},"end":{"line":110,"column":null}},"24":{"start":{"line":110,"column":6},"end":{"line":110,"column":null}},"25":{"start":{"line":112,"column":4},"end":{"line":112,"column":null}},"26":{"start":{"line":116,"column":4},"end":{"line":118,"column":null}},"27":{"start":{"line":117,"column":42},"end":{"line":117,"column":62}},"28":{"start":{"line":121,"column":2},"end":{"line":121,"column":null}}},"fnMap":{"0":{"name":"resolveEnvPlaceholders","decl":{"start":{"line":62,"column":9},"end":{"line":62,"column":32}},"loc":{"start":{"line":62,"column":55},"end":{"line":65,"column":null}},"line":62},"1":{"name":"(anonymous_1)","decl":{"start":{"line":63,"column":23},"end":{"line":63,"column":42}},"loc":{"start":{"line":63,"column":69},"end":{"line":65,"column":null}},"line":63},"2":{"name":"loadConfig","decl":{"start":{"line":68,"column":16},"end":{"line":68,"column":27}},"loc":{"start":{"line":68,"column":61},"end":{"line":95,"column":null}},"line":68},"3":{"name":"maskSensitiveConfig","decl":{"start":{"line":99,"column":16},"end":{"line":99,"column":null}},"loc":{"start":{"line":101,"column":27},"end":{"line":121,"column":null}},"line":101},"4":{"name":"maskValue","decl":{"start":{"line":102,"column":11},"end":{"line":102,"column":21}},"loc":{"start":{"line":102,"column":59},"end":{"line":112,"column":null}},"line":102},"5":{"name":"maskObject","decl":{"start":{"line":115,"column":11},"end":{"line":115,"column":22}},"loc":{"start":{"line":115,"column":77},"end":{"line":118,"column":null}},"line":115},"6":{"name":"(anonymous_6)","decl":{"start":{"line":117,"column":26},"end":{"line":117,"column":31}},"loc":{"start":{"line":117,"column":42},"end":{"line":117,"column":62}},"line":117}},"branchMap":{"0":{"loc":{"start":{"line":64,"column":11},"end":{"line":64,"column":null}},"type":"binary-expr","locations":[{"start":{"line":64,"column":11},"end":{"line":64,"column":34}},{"start":{"line":64,"column":34},"end":{"line":64,"column":null}}],"line":64},"1":{"loc":{"start":{"line":70,"column":19},"end":{"line":70,"column":null}},"type":"binary-expr","locations":[{"start":{"line":70,"column":19},"end":{"line":70,"column":33}},{"start":{"line":70,"column":33},"end":{"line":70,"column":null}}],"line":70},"2":{"loc":{"start":{"line":72,"column":2},"end":{"line":73,"column":null}},"type":"if","locations":[{"start":{"line":72,"column":2},"end":{"line":73,"column":null}},{"start":{},"end":{}}],"line":72},"3":{"loc":{"start":{"line":80,"column":4},"end":{"line":88,"column":null}},"type":"if","locations":[{"start":{"line":80,"column":4},"end":{"line":88,"column":null}},{"start":{},"end":{}}],"line":80},"4":{"loc":{"start":{"line":81,"column":6},"end":{"line":84,"column":null}},"type":"binary-expr","locations":[{"start":{"line":81,"column":6},"end":{"line":81,"column":null}},{"start":{"line":82,"column":6},"end":{"line":82,"column":null}},{"start":{"line":83,"column":6},"end":{"line":83,"column":null}},{"start":{"line":84,"column":6},"end":{"line":84,"column":null}}],"line":81},"5":{"loc":{"start":{"line":94,"column":49},"end":{"line":94,"column":103}},"type":"cond-expr","locations":[{"start":{"line":94,"column":74},"end":{"line":94,"column":90}},{"start":{"line":94,"column":90},"end":{"line":94,"column":103}}],"line":94},"6":{"loc":{"start":{"line":103,"column":4},"end":{"line":107,"column":null}},"type":"if","locations":[{"start":{"line":103,"column":4},"end":{"line":107,"column":null}},{"start":{},"end":{}}],"line":103},"7":{"loc":{"start":{"line":104,"column":6},"end":{"line":105,"column":null}},"type":"if","locations":[{"start":{"line":104,"column":6},"end":{"line":105,"column":null}},{"start":{},"end":{}}],"line":104},"8":{"loc":{"start":{"line":104,"column":10},"end":{"line":104,"column":57}},"type":"binary-expr","locations":[{"start":{"line":104,"column":10},"end":{"line":104,"column":39}},{"start":{"line":104,"column":39},"end":{"line":104,"column":57}}],"line":104},"9":{"loc":{"start":{"line":109,"column":4},"end":{"line":110,"column":null}},"type":"if","locations":[{"start":{"line":109,"column":4},"end":{"line":110,"column":null}},{"start":{},"end":{}}],"line":109},"10":{"loc":{"start":{"line":109,"column":8},"end":{"line":109,"column":67}},"type":"binary-expr","locations":[{"start":{"line":109,"column":8},"end":{"line":109,"column":17}},{"start":{"line":109,"column":17},"end":{"line":109,"column":46}},{"start":{"line":109,"column":46},"end":{"line":109,"column":67}}],"line":109}},"s":{"0":2,"1":2,"2":2,"3":2,"4":2,"5":2,"6":7,"7":7,"8":10,"9":10,"10":10,"11":1,"12":9,"13":9,"14":9,"15":9,"16":7,"17":8,"18":1,"19":85,"20":5,"21":2,"22":3,"23":80,"24":25,"25":55,"26":30,"27":85,"28":5},"f":{"0":7,"1":7,"2":10,"3":5,"4":85,"5":30,"6":85},"b":{"0":[7,6],"1":[10,5],"2":[1,9],"3":[7,2],"4":[9,8,8,7],"5":[1,0],"6":[5,80],"7":[2,3],"8":[5,5],"9":[25,55],"10":[80,75,25]},"meta":{"lastBranch":11,"lastFunction":7,"lastStatement":29,"seen":{"s:5:24:9:2":0,"s:11:24:15:2":1,"s:17:27:21:2":2,"s:23:31:31:2":3,"s:33:33:49:2":4,"s:53:23:59:2":5,"f:62:9:62:32":0,"s:63:2:65:Infinity":6,"f:63:23:63:42":1,"s:64:4:64:Infinity":7,"b:64:11:64:34:64:34:64:Infinity":0,"f:68:16:68:27":2,"s:69:8:69:69":8,"s:70:19:70:Infinity":9,"b:70:19:70:33:70:33:70:Infinity":1,"b:72:2:73:Infinity:undefined:undefined:undefined:undefined":2,"s:72:2:73:Infinity":10,"s:73:4:73:Infinity":11,"s:76:2:95:Infinity":12,"s:77:10:77:47":13,"s:78:19:78:34":14,"b:80:4:88:Infinity:undefined:undefined:undefined:undefined":3,"s:80:4:88:Infinity":15,"b:81:6:81:Infinity:82:6:82:Infinity:83:6:83:Infinity:84:6:84:Infinity":4,"s:86:7:88:Infinity":16,"s:91:4:91:Infinity":17,"s:93:4:95:Infinity":18,"b:94:74:94:90:94:90:94:103":5,"f:99:16:99:Infinity":3,"f:102:11:102:21":4,"b:103:4:107:Infinity:undefined:undefined:undefined:undefined":6,"s:103:4:107:Infinity":19,"b:104:6:105:Infinity:undefined:undefined:undefined:undefined":7,"s:104:6:105:Infinity":20,"b:104:10:104:39:104:39:104:57":8,"s:105:8:105:Infinity":21,"s:107:6:107:Infinity":22,"b:109:4:110:Infinity:undefined:undefined:undefined:undefined":9,"s:109:4:110:Infinity":23,"b:109:8:109:17:109:17:109:46:109:46:109:67":10,"s:110:6:110:Infinity":24,"s:112:4:112:Infinity":25,"f:115:11:115:22":5,"s:116:4:118:Infinity":26,"f:117:26:117:31":6,"s:117:42:117:62":27,"s:121:2:121:Infinity":28}}}
,"/Volumes/SN350-1T 1/dev/video-script/src/utils/logger.ts": {"path":"/Volumes/SN350-1T 1/dev/video-script/src/utils/logger.ts","statementMap":{"0":{"start":{"line":12,"column":32},"end":{"line":12,"column":null}},"1":{"start":{"line":17,"column":4},"end":{"line":17,"column":null}},"2":{"start":{"line":18,"column":4},"end":{"line":18,"column":null}},"3":{"start":{"line":22,"column":4},"end":{"line":22,"column":null}},"4":{"start":{"line":22,"column":21},"end":{"line":22,"column":null}},"5":{"start":{"line":23,"column":4},"end":{"line":23,"column":null}},"6":{"start":{"line":27,"column":4},"end":{"line":27,"column":null}},"7":{"start":{"line":27,"column":21},"end":{"line":27,"column":null}},"8":{"start":{"line":28,"column":4},"end":{"line":29,"column":null}},"9":{"start":{"line":29,"column":6},"end":{"line":29,"column":null}},"10":{"start":{"line":34,"column":4},"end":{"line":34,"column":null}},"11":{"start":{"line":34,"column":21},"end":{"line":34,"column":null}},"12":{"start":{"line":35,"column":4},"end":{"line":39,"column":null}},"13":{"start":{"line":36,"column":6},"end":{"line":36,"column":null}},"14":{"start":{"line":37,"column":6},"end":{"line":37,"column":null}},"15":{"start":{"line":39,"column":6},"end":{"line":39,"column":null}},"16":{"start":{"line":44,"column":4},"end":{"line":44,"column":null}},"17":{"start":{"line":44,"column":21},"end":{"line":44,"column":null}},"18":{"start":{"line":45,"column":4},"end":{"line":49,"column":null}},"19":{"start":{"line":46,"column":6},"end":{"line":46,"column":null}},"20":{"start":{"line":47,"column":6},"end":{"line":47,"column":null}},"21":{"start":{"line":49,"column":6},"end":{"line":49,"column":null}},"22":{"start":{"line":54,"column":4},"end":{"line":54,"column":null}},"23":{"start":{"line":54,"column":21},"end":{"line":54,"column":null}},"24":{"start":{"line":55,"column":4},"end":{"line":59,"column":null}},"25":{"start":{"line":56,"column":6},"end":{"line":56,"column":null}},"26":{"start":{"line":57,"column":6},"end":{"line":57,"column":null}},"27":{"start":{"line":59,"column":6},"end":{"line":59,"column":null}},"28":{"start":{"line":64,"column":4},"end":{"line":64,"column":null}},"29":{"start":{"line":64,"column":21},"end":{"line":64,"column":null}},"30":{"start":{"line":65,"column":4},"end":{"line":69,"column":null}},"31":{"start":{"line":66,"column":6},"end":{"line":66,"column":null}},"32":{"start":{"line":67,"column":6},"end":{"line":67,"column":null}},"33":{"start":{"line":69,"column":6},"end":{"line":69,"column":null}},"34":{"start":{"line":74,"column":4},"end":{"line":76,"column":null}},"35":{"s
[...]
","decl":{"start":{"line":131,"column":2},"end":{"line":131,"column":18}},"loc":{"start":{"line":131,"column":18},"end":{"line":133,"column":null}},"line":131},"16":{"name":"(anonymous_16)","decl":{"start":{"line":136,"column":2},"end":{"line":136,"column":27}},"loc":{"start":{"line":136,"column":27},"end":{"line":137,"column":null}},"line":136},"17":{"name":"(anonymous_17)","decl":{"start":{"line":140,"column":2},"end":{"line":140,"column":12}},"loc":{"start":{"line":140,"column":35},"end":{"line":141,"column":null}},"line":140},"18":{"name":"(anonymous_18)","decl":{"start":{"line":144,"column":2},"end":{"line":144,"column":11}},"loc":{"start":{"line":144,"column":33},"end":{"line":145,"column":null}},"line":144}},"branchMap":{"0":{"loc":{"start":{"line":16,"column":14},"end":{"line":16,"column":41}},"type":"default-arg","locations":[{"start":{"line":16,"column":39},"end":{"line":16,"column":41}}],"line":16},"1":{"loc":{"start":{"line":17,"column":18},"end":{"line":17,"column":null}},"type":"binary-expr","locations":[{"start":{"line":17,"column":18},"end":{"line":17,"column":36}},{"start":{"line":17,"column":36},"end":{"line":17,"column":null}}],"line":17},"2":{"loc":{"start":{"line":18,"column":24},"end":{"line":18,"column":null}},"type":"binary-expr","locations":[{"start":{"line":18,"column":24},"end":{"line":18,"column":41}},{"start":{"line":18,"column":41},"end":{"line":18,"column":null}}],"line":18},"3":{"loc":{"start":{"line":22,"column":4},"end":{"line":22,"column":null}},"type":"if","locations":[{"start":{"line":22,"column":4},"end":{"line":22,"column":null}},{"start":{},"end":{}}],"line":22},"4":{"loc":{"start":{"line":27,"column":4},"end":{"line":27,"column":null}},"type":"if","locations":[{"start":{"line":27,"column":4},"end":{"line":27,"column":null}},{"start":{},"end":{}}],"line":27},"5":{"loc":{"start":{"line":28,"column":4},"end":{"line":29,"column":null}},"type":"if","locations":[{"start":{"line":28,"column":4},"end":{"line":29,"column":null}},{"start":{},"end":{}}],"line":28},"6":{"loc":{"start":{"line":34,"column":4},"end":{"line":34,"column":null}},"type":"if","locations":[{"start":{"line":34,"column":4},"end":{"line":34,"column":null}},{"start":{},"end":{}}],"line":34},"7":{"loc":{"start":{"line":35,"column":4},"end":{"line":39,"column":null}},"type":"if","locations":[{"start":{"line":35,"column":4},"end":{"line":39,"column":null}},{"start":{"line":38,"column":11},"end":{"line":39,"column":null}}],"line":35},"8":{"loc":{"start":{"line":39,"column":36},"end":{"line":39,"column":47}},"type":"binary-expr","locations":[{"start":{"line":39,"column":36},"end":{"line":39,"column":44}},{"start":{"line":39,"column":44},"end":{"line":39,"column":47}}],"line":39},"9":{"loc":{"start":{"line":44,"column":4},"end":{"line":44,"column":null}},"type":"if","locations":[{"start":{"line":44,"column":4},"end":{"line":44,"column":null}},{"start":{},"end":{}}],"line":44},"10":{"loc":{"start":{"line":45,"column":4},"end":{"line":49,"column":null}},"type":"if","locations":[{"start":{"line":45,"column":4},"end":{"line":49,"column":null}},{"start":{"line":48,"column":11},"end":{"line":49,"column":null}}],"line":45},"11":{"loc":{"start":{"line":49,"column":34},"end":{"line":49,"column":45}},"type":"binary-expr","locations":[{"start":{"line":49,"column":34},"end":{"line":49,"column":42}},{"start":{"line":49,"column":42},"end":{"line":49,"column":45}}],"line":49},"12":{"loc":{"start":{"line":54,"column":4},"end":{"line":54,"column":null}},"type":"if","locations":[{"start":{"line":54,"column":4},"end":{"line":54,"column":null}},{"start":{},"end":{}}],"line":54},"13":{"loc":{"start":{"line":55,"column":4},"end":{"line":59,"column":null}},"type":"if","locations":[{"start":{"line":55,"column":4},"end":{"line":59,"column":null}},{"start":{"line":58,"column":11},"end":{"line":59,"column":null}}],"line":55},"14":{"loc":{"start":{"line":59,"column":37},"end":{"line":59,"column":48}},"type":"binary-expr","locations":[{"start":{"line":59,"column":37},"end":{"line":59,"column":45}},{"start":{"line":59,"column":45},"end":{"line":59,"column":48}}],"line":59},"15":{"loc":{"start":{"line":64,"column":4},"end":{"line":64,"column":null}},"type":"if","locations":[{"start":{"line":64,"column":4},"end":{"line":64,"column":null}},{"start":{},"end":{}}],"line":64},"16":{"loc":{"start":{"line":65,"column":4},"end":{"line":69,"column":null}},"type":"if","locations":[{"start":{"line":65,"column":4},"end":{"line":69,"column":null}},{"start":{"line":68,"column":11},"end":{"line":69,"column":null}}],"line":65},"17":{"loc":{"start":{"line":69,"column":35},"end":{"line":69,"column":46}},"type":"binary-expr","locations":[{"start":{"line":69,"column":35},"end":{"line":69,"column":43}},{"start":{"line":69,"column":43},"end":{"line":69,"column":46}}],"line":69},"18":{"loc":{"start":{"line":74,"column":4},"end":{"line":76,"column":null}},"type":"if","locations":[{"start":{"line":74,"column":4},"end":{"line":76,"column":null}},{"start":{},"end":{}}],"line":74},"19":{"loc":{"start":{"line":80,"column":23},"end":{"line":80,"column":55}},"type":"default-arg","locations":[{"start":{"line":80,"column":41},"end":{"line":80,"column":55}}],"line":80},"20":{"loc":{"start":{"line":81,"column":4},"end":{"line":81,"column":null}},"type":"if","locations":[{"start":{"line":81,"column":4},"end":{"line":81,"column":null}},{"start":{},"end":{}}],"line":81},"21":{"loc":{"start":{"line":95,"column":4},"end":{"line":95,"column":null}},"type":"if","locations":[{"start":{"line":95,"column":4},"end":{"line":95,"column":null}},{"start":{},"end":{}}],"line":95},"22":{"loc":{"start":{"line":100,"column":4},"end":{"line":100,"column":null}},"type":"if","locations":[{"start":{"line":100,"column":4},"end":{"line":100,"column":null}},{"start":{},"end":{}}],"line":100},"23":{"loc":{"start":{"line":102,"column":4},"end":{"line":103,"column":null}},"type":"if","locations":[{"start":{"line":102,"column":4},"end":{"line":103,"column":null}},{"start":{},"end":{}}],"line":102},"24":{"loc":{"start":{"line":102,"column":8},"end":{"line":102,"column":36}},"type":"binary-expr","locations":[{"start":{"line":102,"column":8},"end":{"line":102,"column":17}},{"start":{"line":102,"column":17},"end":{"line":102,"column":36}}],"line":102},"25":{"loc":{"start":{"line":108,"column":4},"end":{"line":108,"column":null}},"type":"if","locations":[{"start":{"line":108,"column":4},"end":{"line":108,"column":null}},{"start":{},"end":{}}],"line":108},"26":{"loc":{"start":{"line":113,"column":4},"end":{"line":113,"column":null}},"type":"if","locations":[{"start":{"line":113,"column":4},"end":{"line":113,"column":null}},{"start":{},"end":{}}],"line":113},"27":{"loc":{"start":{"line":119,"column":42},"end":{"line":119,"column":70}},"type":"default-arg","locations":[{"start":{"line":119,"column":58},"end":{"line":119,"column":70}}],"line":119},"28":{"loc":{"start":{"line":127,"column":4},"end":{"line":127,"column":null}},"type":"if","locations":[{"start":{"line":127,"column":4},"end":{"line":127,"column":null}},{"start":{},"end":{}}],"line":127},"29":{"loc":{"start":{"line":132,"column":4},"end":{"line":132,"column":null}},"type":"if","locations":[{"start":{"line":132,"column":4},"end":{"line":132,"column":null}},{"start":{},"end":{}}],"line":132}},"s":{"0":4,"1":4,"2":4,"3":0,"4":0,"5":0,"6":0,"7":0,"8":0,"9":0,"10":0,"11":0,"12":0,"13":0,"14":0,"15":0,"16":0,"17":0,"18":0,"19":0,"20":0,"21":0,"22":0,"23":0,"24":0,"25":0,"26":0,"27":0,"28":0,"29":0,"30":0,"31":0,"32":0,"33":0,"34":0,"35":0,"36":0,"37":0,"38":0,"39":0,"40":0,"41":0,"42":0,"43":0,"44":0,"45":0,"46":0,"47":0,"48":0,"49":0,"50":0,"51":0,"52":0,"53":0,"54":0,"55":0,"56":0,"57":0,"58":0,"59":0,"60":0,"61":0,"62":0,"63":0,"64":0,"65":0,"66":0,"67":0,"68":0,"69":0,"70":4},"f":{"0":4,"1":0,"2":0,"3":0,"4":0,"5":0,"6":0,"7":0,"8":0,"9":0,"10":0,"11":0,"12":0,"13":0,"14":0,"15":0,"16":0,"17":0,"18":0},"b":{"0":[4],"1":[4,4],"2":[4,4],"3":[0,0],"4":[0,0],"5":[0,0],"6":[0,0],"7":[0,0],"8":[0,0],"9":[0,0],"10":[0,0],"11":[0,0],"12":[0,0],"13":[0,0],"14":[0,0],"15":[0,0],"16":[0,0],"17":[0,0],"18":[0,0],"19":[0],"20":[0,0],"21":[0,0],"22":[0,0],"23":[0,0],"24":[0,0],"25":[0,0],"26":[0,0],"27":[0],"28":[0,0],"29":[0,0]},"meta":{"lastBranch":30,"lastFunction":19,"lastStatement":71,"seen":{"s:12:32:12:Infinity":0,"f:16:2:16:14":0,"b:16:39:16:41":0,"s:17:4:17:Infinity":1,"b:17:18:17:36:17:36:17:Infinity":1,"s:18:4:18:Infinity":2,"b:18:24:18:41:18:41:18:Infinity":2,"f:21:2:21:8":1,"b:22:4:22:Infinity:undefined:undefined:undefined:undefined":3,"s:22:4:22:Infinity":3,"s:22:21:22:Infinity":4,"s:23:4:23:Infinity":5,"f:26:2:26:9":2,"b:27:4:27:Infinity:undefined:undefined:undefined:undefined":4,"s:27:4:27:Infinity":6,"s:27:21:27:Infinity":7,"b:28:4:29:Infinity:undefined:undefined:undefined:undefined":5,"s:28:4:29:Infinity":8,"s:29:6:29:Infinity":9,"f:33:2:33:10":3,"b:34:4:34:Infinity:undefined:undefined:undefined:undefined":6,"s:34:4:34:Infinity":10,"s:34:21:34:Infinity":11,"b:35:4:39:Infinity:38:11:39:Infinity":7,"s:35:4:39:Infinity":12,"s:36:6:36:Infinity":13,"s:37:6:37:Infinity":14,"s:39:6:39:Infinity":15,"b:39:36:39:44:39:44:39:47":8,"f:43:2:43:7":4,"b:44:4:44:Infinity:undefined:undefined:undefined:undefined":9,"s:44:4:44:Infinity":16,"s:44:21:44:Infinity":17,"b:45:4:49:Infinity:48:11:49:Infinity":10,"s:45:4:49:Infinity":18,"s:46:6:46:Infinity":19,"s:47:6:47:Infinity":20,"s:49:6:49:Infinity":21,"b:49:34:49:42:49:42:49:45":11,"f:53:2:53:7":5,"b:54:4:54:Infinity:undefined:undefined:undefined:undefined":12,"s:54:4:54:Infinity":22,"s:54:21:54:Infinity":23,"b:55:4:59:Infinity:58:11:59:Infinity":13,"s:55:4:59:Infinity":24,"s:56:6:56:Infinity":25,"s:57:6:57:Infinity":26,"s:59:6:59:Infinity":27,"b:59:37:59:45:59:45:59:48":14,"f:63:2:63:7":6,"b:64:4:64:Infinity:undefined:undefined:undefined:undefined":15,"s:64:4:64:Infinity":28,"s:64:21:64:Infinity":29,"b:65:4:69:Infinity:68:11:69:Infinity":16,"s:65:4:69:Infinity":30,"s:66:6:66:Infinity":31,"s:67:6:67:Infinity":32,"s:69:6:69:Infinity":33,"b:69:35:69:43:69:43:69:46":17,"f:73:2:73:15":7,"b:74:4:76:Infinity:undefined:undefined:undefined:undefined":18,"s:74:4:76:Infinity":34,"s:75:6:75:Infinity":35,"s:76:6:76:Infinity":36,"f:80:2:80:6":8,"b:80:41:80:55":19,"b:81:4:81:Infinity:undefined:undefined:undefined:undefined":20,"s:81:4:81:Infinity":37,"s:81:21:81:Infinity":38,"s:83:45:89:Infinity":39,"s:91:4:91:Infinity":40,"f:94:2:94:8":9,"b:95:4:95:Infinity:undefined:undefined:undefined:undefined":21,"s:95:4:95:Infinity":41,"s:95:28:95:Infinity":42,"s:96:4:96:Infinity":43,"f:99:2:99:8":10,"b:100:4:100:Infinity:undefined:undefined:undefined:undefined":22,"s:100:4:100:Infinity":44,"s:100:21:100:Infinity":45,"s:101:4:101:Infinity":46,"b:102:4:103:Infinity:undefined:undefined:undefined:undefined":23,"s:102:4:103:Infinity":47,"b:102:8:102:17:102:17:102:36":24,"s:103:6:103:Infinity":48,"f:107:2:107:7":11,"b:108:4:108:Infinity:undefined:undefined:undefined:undefined":25,"s:108:4:108:Infinity":49,"s:108:21:108:Infinity":50,"s:109:4:109:Infinity":51,"f:112:2:112:11":12,"b:113:4:113:Infinity:undefined:undefined:undefined:undefined":26,"s:113:4:113:Infinity":52,"s:113:21:113:Infinity":53,"s:114:23:114:58":54,"s:115:16:115:44":55,"s:116:4:116:Infinity":56,"f:119:2:119:10":13,"b:119:58:119:70":27,"s:120:19:120:57":57,"s:121:18:121:Infinity":58,"s:122:16:122:54":59,"s:123:4:123:Infinity":60,"f:126:2:126:8":14,"b:127:4:127:Infinity:undefined:undefined:undefined:undefined":28,"s:127:4:127:Infinity":61,"s:127:21:127:Infinity":62,"s:128:4:128:Infinity":63,"f:131:2:131:18":15,"b:132:4:132:Infinity:undefined:undefined:undefined:undefined":29,"s:132:4:132:Infinity":64,"s:132:21:132:Infinity":65,"s:133:4:133:Infinity":66,"f:136:2:136:27":16,"s:137:4:137:Infinity":67,"f:140:2:140:12":17,"s:141:4:141:Infinity":68,"f:144:2:144:11":18,"s:145:4:145:Infinity":69,"s:149:22:149:34":70}}}
,"/Volumes/SN350-1T 1/dev/video-script/src/utils/retry.ts": {"path":"/Volumes/SN350-1T 1/dev/video-script/src/utils/retry.ts","statementMap":{"0":{"start":{"line":10,"column":44},"end":{"line":17,"column":null}},"1":{"start":{"line":18,"column":44},"end":{"line":24,"column":null}},"2":{"start":{"line":26,"column":2},"end":{"line":26,"column":null}},"3":{"start":{"line":26,"column":34},"end":{"line":26,"column":57}},"4":{"start":{"line":29,"column":2},"end":{"line":29,"column":null}},"5":{"start":{"line":29,"column":14},"end":{"line":29,"column":null}},"6":{"start":{"line":30,"column":14},"end":{"line":30,"column":null}},"7":{"start":{"line":31,"column":20},"end":{"line":31,"column":null}},"8":{"start":{"line":32,"column":2},"end":{"line":33,"column":null}},"9":{"start":{"line":33,"column":4},"end":{"line":33,"column":null}},"10":{"start":{"line":35,"column":2},"end":{"line":40,"column":null}},"11":{"start":{"line":36,"column":20},"end":{"line":36,"column":47}},"12":{"start":{"line":37,"column":4},"end":{"line":40,"column":null}},"13":{"start":{"line":43,"column":2},"end":{"line":43,"column":null}},"14":{"start":{"line":46,"column":15},"end":{"line":46,"column":null}},"15":{"start":{"line":47,"column":16},"end":{"line":47,"column":71}},"16":{"start":{"line":48,"column":22},"end":{"line":48,"column":54}},"17":{"start":{"line":49,"column":2},"end":{"line":51,"column":null}},"18":{"start":{"line":50,"column":25},"end":{"line":50,"column":58}},"19":{"start":{"line":51,"column":4},"end":{"line":51,"column":null}},"20":{"start":{"line":53,"column":2},"end":{"line":53,"column":null}},"21":{"start":{"line":59,"column":15},"end":{"line":59,"column":null}},"22":{"start":{"line":60,"column":19},"end":{"line":60,"column":null}},"23":{"start":{"line":61,"column":32},"end":{"line":61,"column":null}},"24":{"start":{"line":62,"column":2},"end":{"line":77,"column":null}},"25":{"start":{"line":63,"column":4},"end":{"line":77,"column":null}},"26":{"start":{"line":64,"column":21},"end":{"line":64,"column":31}},"27":{"start":{"line":65,"column":6},"end":{"line":65,"column":null}},"28":{"start":{"line":67,"column":6},"end":{"line":67,"column":null}},"29":{"start":{"line":68,"column":6},"end":{"line":68,"column":null}},"30":{"start":{"line":69,"column":6},"end":{"line":70,"column":null}},"31":{"start":{"line":70,"column":8},"end":{"line":70,"column":null}},"32":{"start":{"line":72,"column":6},"end":{"line":73,"column":null}},"33":{"start":{"line":73,"column":8},"end":{"line":73,"column":null}},"34":{"start":{"line":75,"column":20},"end":{"line":75,"column":56}},"35":{"start":{"line":76,"column":6},"end":{"line":76,"column":null}},"36":{"start":{"line":77,"column":6},"end":{"line":77,"column":null}},"37":{"start":{"line":80,"column":2},"end":{"line":80,"column":null}}},"fnMap":{"0":{"name":"sleep","decl":{"start":{"line":25,"column":9},"end":{"line":25,"column":15}},"loc":{"start":{"line":25,"column":42},"end":{"line":26,"column":null}},"line":25},"1":{"name":"(anonymous_1)","decl":{"start":{"line":26,"column":13},"end":{"line":26,"column":22}},"loc":{"start":{"line":26,"column":34},"end":{"line":26,"column":57}},"line":26},"2":{"name":"isRetryableError","decl":{"start":{"line":28,"column":9},"end":{"line":28,"column":26}},"loc":{"start":{"line":28,"column":51},"end":{"line":43,"column":null}},"line":28},"3":{"name":"calculateDelay","decl":{"start":{"line":45,"column":9},"end":{"line":45,"column":24}},"loc":{"start":{"line":45,"column":75},"end":{"line":53,"column":null}},"line":45},"4":{"name":"withRetry","decl":{"start":{"line":55,"column":22},"end":{"line":55,"column":null}},"loc":{"start":{"line":58,"column":14},"end":{"line":80,"column":null}},"line":58}},"branchMap":{"0":{"loc":{"start":{"line":29,"column":2},"end":{"line":29,"column":null}},"type":"if","locations":[{"start":{"line":29,"column":2},"end":{"line":29,"column":null}},{"start":{},"end":{}}],"line":29},"1":{"loc":{"start":{"line":32,"column":2},"end":{"line":33,"column":null}},"type":"if","locations":[{"start":{"line":32,"column":2},"end":{"line":33,"column":null}},{"start":{},"end":{}}],"line":32},"2":{"loc":{"start":{"line":32,"column":6},"end":{"line":32,"column":55}},"type":"binary-expr","locations":[{"start":{"line":32,"column":6},"end":{"line":32,"column":19}},{"start":{"line":32,"column":19},"end":{"line":32,"column":55}}],"line":32},"3":{"loc":{"start":{"line":35,"column":2},"end":{"line":40,"column":null}},"type":"if","locations":[{"start":{"line":35,"column":2},"end":{"line":40,"column":null}},{"start":{},"end":{}}],"line":35},"4":{"loc":{"start":{"line":38,"column":6},"end":{"line":40,"column":36}},"type":"binary-expr","locations":[{"start":{"line":38,"column":6},"end":{"line":38,"column":69}},{"start":{"line":39,"column":6},"end":{"line":39,"column":33}},{"start":{"line":40,"column":6},"end":{"line":40,"column":36}}],"line":38},"5":{"loc":{"start":{"line":49,"column":2},"end":{"line":51,"column":null}},"type":"if","locations":[{"start":{"line":49,"column":2},"end":{"line":51,"column":null}},{"start":{},"end":{}}],"line":49},"6":{"loc":{"start":{"line":57,"column":2},"end":{"line":57,"column":37}},"type":"default-arg","locations":[{"start":{"line":57,"column":35},"end":{"line":57,"column":37}}],"line":57},"7":{"loc":{"start":{"line":67,"column":18},"end":{"line":67,"column":75}},"type":"cond-expr","locations":[{"start":{"line":67,"column":43},"end":{"line":67,"column":51}},{"start":{"line":67,"column":51},"end":{"line":67,"column":75}}],"line":67},"8":{"loc":{"start":{"line":69,"column":6},"end":{"line":70,"column":null}},"type":"if","locations":[{"start":{"line":69,"column":6},"end":{"line":70,"column":null}},{"start":{},"end":{}}],"line":69},"9":{"loc":{"start":{"line":72,"column":6},"end":{"line":73,"column":null}},"type":"if","locations":[{"start":{"line":72,"column":6},"end":{"line":73,"column":null}},{"start":{},"end":{}}],"line":72},"10":{"loc":{"start":{"line":80,"column":8},"end":{"line":80,"column":54}},"type":"binary-expr","locations":[{"start":{"line":80,"column":8},"end":{"line":80,"column":21}},{"start":{"line":80,"column":21},"end":{"line":80,"column":54}}],"line":80}},"s":{"0":4,"1":4,"2":0,"3":0,"4":4,"5":0,"6":4,"7":4,"8":4,"9":0,"10":4,"11":4,"12":4,"13":0,"14":0,"15":0,"16":0,"17":0,"18":0,"19":0,"20":0,"21":26,"22":26,"23":26,"24":26,"25":26,"26":26,"27":17,"28":9,"29":9,"30":9,"31":5,"32":4,"33":4,"34":0,"35":0,"36":0,"37":5},"f":{"0":0,"1":0,"2":4,"3":0,"4":26},"b":{"0":[0,4],"1":[0,4],"2":[4,0],"3":[4,0],"4":[4,4,4],"5":[0,0],"6":[26],"7":[9,0],"8":[5,4],"9":[4,0],"10":[5,0]},"meta":{"lastBranch":11,"lastFunction":5,"lastStatement":38,"seen":{"s:10:44:17:Infinity":0,"s:18:44:24:Infinity":1,"f:25:9:25:15":0,"s:26:2:26:Infinity":2,"f:26:13:26:22":1,"s:26:34:26:57":3,"f:28:9:28:26":2,"b:29:2:29:Infinity:undefined:undefined:undefined:undefined":0,"s:29:2:29:Infinity":4,"s:29:14:29:Infinity":5,"s:30:14:30:Infinity":6,"s:31:20:31:Infinity":7,"b:32:2:33:Infinity:undefined:undefined:undefined:undefined":1,"s:32:2:33:Infinity":8,"b:32:6:32:19:32:19:32:55":2,"s:33:4:33:Infinity":9,"b:35:2:40:Infinity:undefined:undefined:undefined:undefined":3,"s:35:2:40:Infinity":10,"s:36:20:36:47":11,"s:37:4:40:Infinity":12,"b:38:6:38:69:39:6:39:33:40:6:40:36":4,"s:43:2:43:Infinity":13,"f:45:9:45:24":3,"s:46:15:46:Infinity":14,"s:47:16:47:71":15,"s:48:22:48:54":16,"b:49:2:51:Infinity:undefined:undefined:undefined:undefined":5,"s:49:2:51:Infinity":17,"s:50:25:50:58":18,"s:51:4:51:Infinity":19,"s:53:2:53:Infinity":20,"f:55:22:55:Infinity":4,"b:57:35:57:37":6,"s:59:15:59:Infinity":21,"s:60:19:60:Infinity":22,"s:61:32:61:Infinity":23,"s:62:2:77:Infinity":24,"s:63:4:77:Infinity":25,"s:64:21:64:31":26,"s:65:6:65:Infinity":27,"s:67:6:67:Infinity":28,"b:67:43:67:51:67:51:67:75":7,"s:68:6:68:Infinity":29,"b:69:6:70:Infinity:undefined:undefined:undefined:undefined":8,"s:69:6:70:Infinity":30,"s:70:8:70:Infinity":31,"b:72:6:73:Infinity:undefined:undefined:undefined:undefined":9,"s:72:6:73:Infinity":32,"s:73:8:73:Infinity":33,"s:75:20:75:56":34,"s:76:6:76:Infinity":35,"s:77:6:77:Infinity":36,"s:80:2:80:Infinity":37,"b:80:8:80:21:80:21:80:54":10}}}
}
